#
# A fatal error has been detected by the Java Runtime Environment:
#
#  SIGBUS (0x7) at pc=0x00007fed803fbc24, pid=3327, tid=3341
#
# JRE version: OpenJDK Runtime Environment Temurin-17.0.7+7 (17.0.7+7) (build 17.0.7+7)
# Java VM: OpenJDK 64-Bit Server VM Temurin-17.0.7+7 (17.0.7+7, mixed mode, tiered, compressed oops, compressed class ptrs, parallel gc, linux-amd64)
# Problematic frame:
# V  [libjvm.so+0xc7cc24]  void OopOopIterateDispatch<PCIterateMarkAndPushClosure>::Table::oop_oop_iterate<InstanceMirrorKlass, narrowOop>(PCIterateMarkAndPushClosure*, oopDesc*, Klass*)+0x1f4
#
# No core dump will be written. Core dumps have been disabled. To enable core dumping, try "ulimit -c unlimited" before starting Java again
#
# If you would like to submit a bug report, please visit:
#   https://github.com/adoptium/adoptium-support/issues
#

---------------  S U M M A R Y ------------

Command Line: --add-modules=ALL-SYSTEM --add-opens=java.base/java.util=ALL-UNNAMED --add-opens=java.base/java.lang=ALL-UNNAMED --add-opens=java.base/sun.nio.fs=ALL-UNNAMED -Declipse.application=org.eclipse.jdt.ls.core.id1 -Dosgi.bundles.defaultStartLevel=4 -Declipse.product=org.eclipse.jdt.ls.core.product -Djava.import.generatesMetadataFilesAtProjectRoot=false -Dfile.encoding=utf8 -XX:+UseParallelGC -XX:GCTimeRatio=4 -XX:AdaptiveSizePolicyWeight=90 -Dsun.zip.disableMemoryMapping=true -Xmx1G -Xms100m -Xlog:disable -javaagent:/home/maithenkumar/.vscode/extensions/redhat.java-1.21.0-linux-x64/lombok/lombok-1.18.28.jar -XX:+HeapDumpOnOutOfMemoryError -XX:HeapDumpPath=/home/maithenkumar/.config/Code/User/workspaceStorage/b30704c281223fd9ff403384ad72cf4d/redhat.java -Daether.dependencyCollector.impl=bf /home/maithenkumar/.vscode/extensions/redhat.java-1.21.0-linux-x64/server/plugins/org.eclipse.equinox.launcher_1.6.500.v20230717-2134.jar -configuration /home/maithenkumar/.config/Code/User/globalStorage/redhat.java/1.21.0/config_linux -data /home/maithenkumar/.config/Code/User/workspaceStorage/b30704c281223fd9ff403384ad72cf4d/redhat.java/jdt_ws

Host: AMD PRO A4-4350B R4, 5 COMPUTE CORES 2C+3G, 2 cores, 3G, Zorin OS 16.2
Time: Sat Aug 19 00:24:57 2023 IST elapsed time: 12460.829640 seconds (0d 3h 27m 40s)

---------------  T H R E A D  ---------------

Current thread (0x00007fed7803e8f0):  GCTaskThread "GC Thread#0" [stack: 0x00007fed7c3a8000,0x00007fed7c4a8000] [id=3341]

Stack: [0x00007fed7c3a8000,0x00007fed7c4a8000],  sp=0x00007fed7c4a6bf0,  free space=1018k
Native frames: (J=compiled Java code, j=interpreted, Vv=VM code, C=native code)
V  [libjvm.so+0xc7cc24]  void OopOopIterateDispatch<PCIterateMarkAndPushClosure>::Table::oop_oop_iterate<InstanceMirrorKlass, narrowOop>(PCIterateMarkAndPushClosure*, oopDesc*, Klass*)+0x1f4
V  [libjvm.so+0xc8a3c4]  steal_marking_work(TaskTerminator&, unsigned int)+0x2e4
V  [libjvm.so+0xc8d787]  MarkFromRootsTask::work(unsigned int)+0x417
V  [libjvm.so+0xf14b7f]  GangWorker::loop()+0x5f
V  [libjvm.so+0xf14bdf]
V  [libjvm.so+0xe65c10]  Thread::call_run()+0xc0
V  [libjvm.so+0xc1aa21]  thread_native_entry(Thread*)+0xe1


siginfo: si_signo: 7 (SIGBUS), si_code: 2 (BUS_ADRERR), si_addr: 0x000000010036d098

Register to memory mapping:

RAX=0x000000010036d000 is pointing into metadata
RBX=0x0 is NULL
RCX=0x0000000000000010 is an unknown value
RDX=0x0000000000010000 is an unknown value
RSP=0x00007fed7c4a6bf0 points into unknown readable memory: 0x0000000100042b68 | 68 2b 04 00 01 00 00 00
RBP=0x00007fed7c4a6c40 points into unknown readable memory: 0x00007fed7c4a6d20 | 20 6d 4a 7c ed 7f 00 00
RSI=0x0000000000000010 is an unknown value
RDI=0x00000000c0b24a70 is an oop: java.lang.Class 
{0x00000000c0b24a70} - klass: 'java/lang/Class'
 - ---- fields (total size 14 words):
 - private volatile transient 'classRedefinedCount' 'I' @12  0
 - private volatile transient 'cachedConstructor' 'Ljava/lang/reflect/Constructor;' @40  NULL (0)
 - private transient 'name' 'Ljava/lang/String;' @44  "org.eclipse.jdt.internal.core.AbstractClassFile"{0x00000000c0b24ae0} (c0b24ae0)
 - private transient 'module' 'Ljava/lang/Module;' @48  a 'java/lang/Module'{0x00000000c06e2dc8} (c06e2dc8)
 - private final 'classLoader' 'Ljava/lang/ClassLoader;' @52  a 'org/eclipse/osgi/internal/loader/EquinoxClassLoader'{0x00000000c06e2d58} (c06e2d58)
 - private transient 'classData' 'Ljava/lang/Object;' @56  NULL (0)
 - private transient 'packageName' 'Ljava/lang/String;' @60  "org.eclipse.jdt.internal.core"{0x00000000c0582ba0} (c0582ba0)
 - private final 'componentType' 'Ljava/lang/Class;' @64  NULL (0)
 - private volatile transient 'reflectionData' 'Ljava/lang/ref/SoftReference;' @68  NULL (0)
 - private volatile transient 'genericInfo' 'Lsun/reflect/generics/repository/ClassRepository;' @72  NULL (0)
 - private volatile transient 'enumConstants' '[Ljava/lang/Object;' @76  NULL (0)
 - private volatile transient 'enumConstantDirectory' 'Ljava/util/Map;' @80  NULL (0)
 - private volatile transient 'annotationData' 'Ljava/lang/Class$AnnotationData;' @84  NULL (0)
 - private volatile transient 'annotationType' 'Lsun/reflect/annotation/AnnotationType;' @88  NULL (0)
 - transient 'classValueMap' 'Ljava/lang/ClassValue$ClassValueMap;' @92  NULL (0)
 - signature: 
[error occurred during error reporting (printing register info), id 0x7, SIGBUS (0x7) at pc=0x00007fed7ffa9221]

Registers:
RAX=0x000000010036d000, RBX=0x0000000000000000, RCX=0x0000000000000010, RDX=0x0000000000010000
RSP=0x00007fed7c4a6bf0, RBP=0x00007fed7c4a6c40, RSI=0x0000000000000010, RDI=0x00000000c0b24a70
R8 =0x0000000000000016, R9 =0x0000000000009aa2, R10=0x00007fed7c23c38c, R11=0x00007fed80a3bd28
R12=0x00007fed780caf50, R13=0x00000000c0b24adc, R14=0x00000000c0b24adc, R15=0x0000000100042b68
RIP=0x00007fed803fbc24, EFLAGS=0x0000000000010206, CSGSFS=0x002b000000000033, ERR=0x0000000000000004
  TRAPNO=0x000000000000000e

Top of Stack: (sp=0x00007fed7c4a6bf0)
0x00007fed7c4a6bf0:   0000000100042b68 00000000c0b24a70
0x00007fed7c4a6c00:   00007fed7c4a6cd0 0000000000000003
0x00007fed7c4a6c10:   00007fed7c4a6c40 00007fed780caf50
0x00007fed7c4a6c20:   0000000000000008 0000000000000000 

Instructions: (pc=0x00007fed803fbc24)
0x00007fed803fbb24:   00 48 8d 35 f4 f7 63 00 8b 7b 08 8b 4e 08 48 d3
0x00007fed803fbb34:   e7 48 03 3e 48 8b 75 c0 8b 4f 08 4c 8b 66 18 85
0x00007fed803fbb44:   c9 0f 8e 85 02 00 00 f6 c1 01 74 1a 48 8b 07 48
0x00007fed803fbb54:   8d 35 a6 12 61 ff 48 8b 80 00 01 00 00 48 39 f0
0x00007fed803fbb64:   0f 85 d8 02 00 00 c1 f9 03 48 63 d1 48 8d 3d 89
0x00007fed803fbb74:   1f 6a 00 48 89 de 48 89 55 c8 e8 7d 92 fb ff 48
0x00007fed803fbb84:   8b 55 c8 84 c0 0f 84 21 ff ff ff 48 8d 3d 2a 1f
0x00007fed803fbb94:   6a 00 48 89 de e8 02 7c 00 00 41 8b 84 24 88 00
0x00007fed803fbba4:   00 00 41 8b 8c 24 08 01 00 00 89 c2 29 ca 81 e2
0x00007fed803fbbb4:   ff ff 01 00 81 fa fd ff 01 00 0f 86 8c 02 00 00
0x00007fed803fbbc4:   49 8b 84 24 a8 02 00 00 49 3b 84 24 90 02 00 00
0x00007fed803fbbd4:   0f 84 b9 02 00 00 49 8b 94 24 c0 02 00 00 48 8d
0x00007fed803fbbe4:   14 c2 48 83 c0 01 49 83 c6 04 48 89 1a 49 89 84
0x00007fed803fbbf4:   24 a8 02 00 00 4d 39 f5 0f 87 bb fe ff ff 66 0f
0x00007fed803fbc04:   1f 44 00 00 49 83 c7 08 4c 39 7d b0 0f 87 7a fe
0x00007fed803fbc14:   ff ff 48 8b 7d b8 e8 b1 d5 ba ff 48 85 c0 74 2f
0x00007fed803fbc24:   48 8b b8 98 00 00 00 48 85 ff 0f 84 8a 01 00 00
0x00007fed803fbc34:   48 8b 75 c0 8b 40 08 31 c9 8b 56 10 85 c0 7e 06
0x00007fed803fbc44:   80 7f 21 00 75 04 48 8b 75 c0 e8 8d ea 90 ff 48
0x00007fed803fbc54:   8d 05 56 84 68 00 48 8b 7d b8 4c 63 30 49 01 fe
0x00007fed803fbc64:   e8 d7 d2 ba ff 48 98 4d 8d 2c 86 4d 39 ee 0f 83
0x00007fed803fbc74:   46 01 00 00 4c 8d 25 81 11 61 ff eb 14 0f 1f 80
0x00007fed803fbc84:   00 00 00 00 49 83 c6 04 4d 39 f5 0f 86 29 01 00
0x00007fed803fbc94:   00 41 8b 06 85 c0 74 ec 48 8d 15 8d f6 63 00 8b
0x00007fed803fbca4:   4a 08 48 d3 e0 48 03 02 48 8b 15 2d 1d 6a 00 48
0x00007fed803fbcb4:   89 c1 49 89 c7 48 2b 0a 48 89 c8 48 8d 0d 62 00
0x00007fed803fbcc4:   64 00 48 c1 e8 03 8b 09 48 d3 e8 48 89 c1 48 89
0x00007fed803fbcd4:   c6 48 8b 42 10 ba 01 00 00 00 83 e1 3f 48 c1 ee
0x00007fed803fbce4:   06 48 d3 e2 48 23 14 f0 75 9a 48 8d 05 b8 64 68
0x00007fed803fbcf4:   00 0f b6 00 84 c0 0f 84 48 02 00 00 48 8d 35 19
0x00007fed803fbd04:   f6 63 00 41 8b 7f 08 8b 4e 08 48 d3 e7 48 03 3e
0x00007fed803fbd14:   48 8b 75 c0 8b 4f 08 48 8b 5e 18 85 c9 0f 8e dd 


Stack slot to memory mapping:
stack at sp + 0 slots: 0x0000000100042b68 is a pointer to class: 
java.lang.Cloneable {0x0000000100042b68}
 - instance size:     2
 - klass size:        64
 - access:            public interface abstract 
 - state:             linked
 - name:              'java/lang/Cloneable'
 - super:             'java/lang/Object'
 - sub:               
 - nof implementors:  2
 - arrays:            'java/lang/Cloneable'[]
 - methods:           Array<T>(0x00007fed5e000038)
 - method ordering:   Array<T>(0x00007fed5e000018)
 - default_methods:   Array<T>(0x0000000000000000)
 - local interfaces:  Array<T>(0x00007fed5e000058)
 - trans. interfaces: Array<T>(0x00007fed5e000058)
 - constants:         constant pool [5] {0x00007fed5e01a0b0} for 'java/lang/Cloneable' cache=0x00007fed5e139c60
 - class loader data:  loader data: 0x00007fed78016430 of 'bootstrap'
 - class annotations:       Array<T>(0x0000000000000000)
 - class type annotations:  Array<T>(0x0000000000000000)
 - field annotations:       Array<T>(0x0000000000000000)
 - field type annotations:  Array<T>(0x0000000000000000)
 - inner classes:     Array<T>(0x00007fed5e000028)
 - nest members:     Array<T>(0x00007fed5e000028)
 - permitted subclasses:     Array<T>(0x00007fed5e000028)
 - java mirror:       a 'java/lang/Class'{0x00000000c075b880} = 'java/lang/Cloneable'
 - vtable length      5  (start addr: 0x0000000100042d38)
 - itable length      0 (start addr: 0x0000000100042d60)
 - ---- static fields (0 words):
 - ---- non-static fields (0 words):
 - non-static oop maps: 
stack at sp + 1 slots: 0x00000000c0b24a70 is an oop: java.lang.Class 
{0x00000000c0b24a70} - klass: 'java/lang/Class'
 - ---- fields (total size 14 words):
 - private volatile transient 'classRedefinedCount' 'I' @12  0
 - private volatile transient 'cachedConstructor' 'Ljava/lang/reflect/Constructor;' @40  NULL (0)
 - private transient 'name' 'Ljava/lang/String;' @44  "org.eclipse.jdt.internal.core.AbstractClassFile"{0x00000000c0b24ae0} (c0b24ae0)
 - private transient 'module' 'Ljava/lang/Module;' @48  a 'java/lang/Module'{0x00000000c06e2dc8} (c06e2dc8)
 - private final 'classLoader' 'Ljava/lang/ClassLoader;' @52  a 'org/eclipse/osgi/internal/loader/EquinoxClassLoader'{0x00000000c06e2d58} (c06e2d58)
 - private transient 'classData' 'Ljava/lang/Object;' @56  NULL (0)
 - private transient 'packageName' 'Ljava/lang/String;' @60  "org.eclipse.jdt.internal.core"{0x00000000c0582ba0} (c0582ba0)
 - private final 'componentType' 'Ljava/lang/Class;' @64  NULL (0)
 - private volatile transient 'reflectionData' 'Ljava/lang/ref/SoftReference;' @68  NULL (0)
 - private volatile transient 'genericInfo' 'Lsun/reflect/generics/repository/ClassRepository;' @72  NULL (0)
 - private volatile transient 'enumConstants' '[Ljava/lang/Object;' @76  NULL (0)
 - private volatile transient 'enumConstantDirectory' 'Ljava/util/Map;' @80  NULL (0)
 - private volatile transient 'annotationData' 'Ljava/lang/Class$AnnotationData;' @84  NULL (0)
 - private volatile transient 'annotationType' 'Lsun/reflect/annotation/AnnotationType;' @88  NULL (0)
 - transient 'classValueMap' 'Ljava/lang/ClassValue$ClassValueMap;' @92  NULL (0)
 - signature: 
[error occurred during error reporting (inspecting top of stack), id 0x7, SIGBUS (0x7) at pc=0x00007fed7ffa9221]


---------------  P R O C E S S  ---------------

Threads class SMR info:
_java_thread_list=0x00007fed345fb690, length=31, elements={
0x00007fed78027b60, 0x00007fed7811f700, 0x00007fed78120c70, 0x00007fed78149010,
0x00007fed7814c900, 0x00007fed7814d870, 0x00007fed7814eec0, 0x00007fed78150370,
0x00007fed781517b0, 0x00007fed781af210, 0x00007fed782b3130, 0x00007fed7840f5f0,
0x00007fed783eed30, 0x00007fed7842cb50, 0x00007fed34034060, 0x00007fed34277380,
0x00007fed348a1790, 0x00007fed78524060, 0x00007fed785a9030, 0x00007fed785aab00,
0x00007fed28003420, 0x00007fed48022880, 0x00007fed500ddbf0, 0x00007fed64161220,
0x00007fed64172c30, 0x00007fed5405e430, 0x00007fed5408fa30, 0x00007fed4c031d30,
0x00007fed641b5760, 0x00007fed78715a90, 0x00007fed340e47e0
}

Java Threads: ( => current thread )
  0x00007fed78027b60 JavaThread "main" [_thread_blocked, id=3338, stack(0x00007fed7f51e000,0x00007fed7f61f000)]
  0x00007fed7811f700 JavaThread "Reference Handler" daemon [_thread_blocked, id=3343, stack(0x00007fed683d7000,0x00007fed684d8000)]
  0x00007fed78120c70 JavaThread "Finalizer" daemon [_thread_blocked, id=3344, stack(0x00007fed682d6000,0x00007fed683d7000)]
  0x00007fed78149010 JavaThread "Signal Dispatcher" daemon [_thread_blocked, id=3345, stack(0x00007fed681d5000,0x00007fed682d6000)]
  0x00007fed7814c900 JavaThread "Service Thread" daemon [_thread_blocked, id=3346, stack(0x00007fed680d4000,0x00007fed681d5000)]
  0x00007fed7814d870 JavaThread "Monitor Deflation Thread" daemon [_thread_blocked, id=3347, stack(0x00007fed5d006000,0x00007fed5d107000)]
  0x00007fed7814eec0 JavaThread "C2 CompilerThread0" daemon [_thread_blocked, id=3348, stack(0x00007fed5cf05000,0x00007fed5d006000)]
  0x00007fed78150370 JavaThread "C1 CompilerThread0" daemon [_thread_blocked, id=3349, stack(0x00007fed5ce04000,0x00007fed5cf05000)]
  0x00007fed781517b0 JavaThread "Sweeper thread" daemon [_thread_blocked, id=3350, stack(0x00007fed5cd03000,0x00007fed5ce04000)]
  0x00007fed781af210 JavaThread "Common-Cleaner" daemon [_thread_blocked, id=3351, stack(0x00007fed5cc02000,0x00007fed5cd03000)]
  0x00007fed782b3130 JavaThread "Notification Thread" daemon [_thread_blocked, id=3355, stack(0x00007fed5cb01000,0x00007fed5cc02000)]
  0x00007fed7840f5f0 JavaThread "Active Thread: Equinox Container: cd647791-3194-497e-ad77-5547e2522fa0" [_thread_blocked, id=3386, stack(0x00007fed5c7fc000,0x00007fed5c8fd000)]
  0x00007fed783eed30 JavaThread "Framework Event Dispatcher: Equinox Container: cd647791-3194-497e-ad77-5547e2522fa0" daemon [_thread_blocked, id=3400, stack(0x00007fed5c6fb000,0x00007fed5c7fc000)]
  0x00007fed7842cb50 JavaThread "Start Level: Equinox Container: cd647791-3194-497e-ad77-5547e2522fa0" daemon [_thread_blocked, id=3401, stack(0x00007fed5c5fa000,0x00007fed5c6fb000)]
  0x00007fed34034060 JavaThread "SCR Component Actor" daemon [_thread_blocked, id=3455, stack(0x00007fed5c2e6000,0x00007fed5c3e7000)]
  0x00007fed34277380 JavaThread "Worker-JM" [_thread_blocked, id=3741, stack(0x00007fed5c1e5000,0x00007fed5c2e6000)]
  0x00007fed348a1790 JavaThread "Java indexing" daemon [_thread_blocked, id=3949, stack(0x00007fed27afb000,0x00007fed27bfc000)]
  0x00007fed78524060 JavaThread "pool-2-thread-1" [_thread_blocked, id=3951, stack(0x00007fed27dfe000,0x00007fed27eff000)]
  0x00007fed785a9030 JavaThread "WorkspaceEventsHandler" [_thread_blocked, id=3953, stack(0x00007fed279fa000,0x00007fed27afb000)]
  0x00007fed785aab00 JavaThread "pool-1-thread-1" [_thread_blocked, id=3954, stack(0x00007fed278f9000,0x00007fed279fa000)]
  0x00007fed28003420 JavaThread "Bundle File Closer" daemon [_thread_blocked, id=3967, stack(0x00007fed1fbac000,0x00007fed1fcad000)]
  0x00007fed48022880 JavaThread "Attach Listener" daemon [_thread_blocked, id=4201, stack(0x00007fed1f4c4000,0x00007fed1f5c5000)]
  0x00007fed500ddbf0 JavaThread "Java Debug Server" [_thread_in_native, id=4479, stack(0x00007fed1f5c5000,0x00007fed1f6c6000)]
  0x00007fed64161220 JavaThread "RxSchedulerPurge-1" daemon [_thread_blocked, id=4500, stack(0x00007fed1f3c3000,0x00007fed1f4c4000)]
  0x00007fed64172c30 JavaThread "RxCachedWorkerPoolEvictor-1" daemon [_thread_blocked, id=4501, stack(0x00007fed1f7a8000,0x00007fed1f8a9000)]
  0x00007fed5405e430 JavaThread "Worker-12" [_thread_blocked, id=15187, stack(0x00007fed1f2c2000,0x00007fed1f3c3000)]
  0x00007fed5408fa30 JavaThread "Worker-13" [_thread_blocked, id=16971, stack(0x00007fed1f9aa000,0x00007fed1faab000)]
  0x00007fed4c031d30 JavaThread "HttpClient-2-SelectorManager" daemon [_thread_blocked, id=27714, stack(0x00007fed1fcad000,0x00007fed1fdae000)]
  0x00007fed641b5760 JavaThread "pool-8-thread-1" [_thread_blocked, id=62536, stack(0x00007fed1acfd000,0x00007fed1adfe000)]
  0x00007fed78715a90 JavaThread "Framework stop - Equinox Container: cd647791-3194-497e-ad77-5547e2522fa0" [_thread_blocked, id=62538, stack(0x00007fed27eff000,0x00007fed28000000)]
  0x00007fed340e47e0 JavaThread "SCR Component Registry" daemon [_thread_blocked, id=62539, stack(0x00007fed27cfd000,0x00007fed27dfe000)]

Other Threads:
  0x00007fed7810f580 VMThread "VM Thread" [stack: 0x00007fed684da000,0x00007fed685da000] [id=3342]
  0x00007fed78070e80 WatcherThread [stack: 0x00007fed5ca01000,0x00007fed5cb01000] [id=3356]
=>0x00007fed7803e8f0 GCTaskThread "GC Thread#0" [stack: 0x00007fed7c3a8000,0x00007fed7c4a8000] [id=3341]
  0x00007fed580010b0 GCTaskThread "GC Thread#1" [stack: 0x00007fed5c8ff000,0x00007fed5c9ff000] [id=3373]

Threads with active compile tasks:

VM state: at safepoint (normal execution)

VM Mutex/Monitor currently owned by a thread:  ([mutex/lock_event])
[0x00007fed780242c0] Threads_lock - owner thread: 0x00007fed7810f580
[0x00007fed78024a70] Heap_lock - owner thread: 0x00007fed348a1790

Heap address: 0x00000000c0000000, size: 1024 MB, Compressed Oops mode: 32-bit

CDS archive(s) not mapped
Compressed class space mapped at: 0x0000000100000000-0x0000000140000000, reserved size: 1073741824
Narrow klass base: 0x0000000000000000, Narrow klass shift: 3, Narrow klass range: 0x140000000

GC Precious Log:
 CPUs: 2 total, 2 available
 Memory: 3753M
 Large Page Support: Disabled
 NUMA Support: Disabled
 Compressed Oops: Enabled (32-bit)
 Alignments: Space 512K, Generation 512K, Heap 2M
 Heap Min Capacity: 100M
 Heap Initial Capacity: 100M
 Heap Max Capacity: 1G
 Pre-touch: Disabled
 Parallel Workers: 2

Heap:
 PSYoungGen      total 3072K, used 487K [0x00000000eab00000, 0x00000000eba80000, 0x0000000100000000)
  eden space 2560K, 0% used [0x00000000eab00000,0x00000000eab00000,0x00000000ead80000)
  from space 512K, 95% used [0x00000000eb300000,0x00000000eb379f48,0x00000000eb380000)
  to   space 5632K, 0% used [0x00000000ead80000,0x00000000ead80000,0x00000000eb300000)
 ParOldGen       total 134144K, used 134009K [0x00000000c0000000, 0x00000000c8300000, 0x00000000eab00000)
  object space 134144K, 99% used [0x00000000c0000000,0x00000000c82de6b8,0x00000000c8300000)
 Metaspace       used 96582K, committed 97792K, reserved 1179648K
  class space    used 10015K, committed 10560K, reserved 1048576K

Card table byte_map: [0x00007fed7c4a8000,0x00007fed7c6a9000] _byte_map_base: 0x00007fed7bea8000

Marking Bits: (ParMarkBitMap*) 0x00007fed80a9db00
 Begin Bits: [0x00007fed62000000, 0x00007fed63000000)
 End Bits:   [0x00007fed63000000, 0x00007fed64000000)

Polling page: 0x00007fed80d3b000

Metaspace:

Usage:
  Non-class:     84.54 MB used.
      Class:      9.78 MB used.
       Both:     94.32 MB used.

Virtual space:
  Non-class space:      128.00 MB reserved,      85.19 MB ( 67%) committed,  2 nodes.
      Class space:        1.00 GB reserved,      10.31 MB (  1%) committed,  1 nodes.
             Both:        1.12 GB reserved,      95.50 MB (  8%) committed. 

Chunk freelists:
   Non-Class:  10.06 MB
       Class:  5.51 MB
        Both:  15.57 MB

MaxMetaspaceSize: unlimited
CompressedClassSpaceSize: 1.00 GB
Initial GC threshold: 21.00 MB
Current GC threshold: 155.62 MB
CDS: off
MetaspaceReclaimPolicy: balanced
 - commit_granule_bytes: 65536.
 - commit_granule_words: 8192.
 - virtual_space_node_default_size: 8388608.
 - enlarge_chunks_in_place: 1.
 - new_chunks_are_fully_committed: 0.
 - uncommit_free_chunks: 1.
 - use_allocation_guard: 0.
 - handle_deallocations: 1.


Internal statistics:

num_allocs_failed_limit: 9.
num_arena_births: 1250.
num_arena_deaths: 306.
num_vsnodes_births: 3.
num_vsnodes_deaths: 0.
num_space_committed: 1528.
num_space_uncommitted: 0.
num_chunks_returned_to_freelist: 373.
num_chunks_taken_from_freelist: 5617.
num_chunk_merges: 133.
num_chunk_splits: 3303.
num_chunks_enlarged: 1778.
num_inconsistent_stats: 0.

CodeHeap 'non-profiled nmethods': size=120036Kb used=14585Kb max_used=14585Kb free=105451Kb
 bounds [0x00007fed70ac7000, 0x00007fed71907000, 0x00007fed78000000]
CodeHeap 'profiled nmethods': size=120032Kb used=32833Kb max_used=33204Kb free=87199Kb
 bounds [0x00007fed69000000, 0x00007fed6b080000, 0x00007fed70538000]
CodeHeap 'non-nmethods': size=5692Kb used=1443Kb max_used=1503Kb free=4248Kb
 bounds [0x00007fed70538000, 0x00007fed707a8000, 0x00007fed70ac7000]
 total_blobs=16668 nmethods=15869 adapters=711
 compilation: enabled
              stopped_count=0, restarted_count=0
 full_count=0

Compilation events (20 events):
Event: 12435.149 Thread 0x00007fed7814eec0 22959       4       java.util.ArrayList$ListItr::previous (59 bytes)
Event: 12435.151 Thread 0x00007fed7814eec0 nmethod 22959 0x00007fed71904990 code [0x00007fed71904b20, 0x00007fed71904c58]
Event: 12435.994 Thread 0x00007fed78150370 22961       3       org.eclipse.osgi.internal.framework.EquinoxEventPublisher::asBundleContexts (2 bytes)
Event: 12435.994 Thread 0x00007fed78150370 nmethod 22961 0x00007fed69eea910 code [0x00007fed69eeaaa0, 0x00007fed69eeab90]
Event: 12436.312 Thread 0x00007fed78150370 22962   !   3       org.eclipse.osgi.internal.framework.EquinoxEventPublisher::publishBundleEventPrivileged (651 bytes)
Event: 12436.388 Thread 0x00007fed78150370 nmethod 22962 0x00007fed6a600e10 code [0x00007fed6a601660, 0x00007fed6a607390]
Event: 12436.950 Thread 0x00007fed78150370 22963       3       com.sun.org.apache.xerces.internal.dom.ParentNode::<init> (21 bytes)
Event: 12436.977 Thread 0x00007fed78150370 nmethod 22963 0x00007fed6a069110 code [0x00007fed6a0692c0, 0x00007fed6a069530]
Event: 12436.977 Thread 0x00007fed78150370 22965  s    3       java.util.Properties::setProperty (7 bytes)
Event: 12436.993 Thread 0x00007fed78150370 nmethod 22965 0x00007fed6a068c10 code [0x00007fed6a068dc0, 0x00007fed6a069020]
Event: 12436.993 Thread 0x00007fed78150370 22964       1       com.sun.org.apache.xerces.internal.dom.ParentNode::getOwnerDocument (5 bytes)
Event: 12436.993 Thread 0x00007fed78150370 nmethod 22964 0x00007fed71904e10 code [0x00007fed71904fa0, 0x00007fed71905070]
Event: 12437.030 Thread 0x00007fed78150370 22966       3       org.apache.felix.scr.impl.Activator::debug (77 bytes)
Event: 12437.031 Thread 0x00007fed78150370 nmethod 22966 0x00007fed6a5ffc90 code [0x00007fed6a5fff40, 0x00007fed6a600a00]
Event: 12437.204 Thread 0x00007fed7814eec0 22967       4       org.eclipse.core.internal.registry.ReferenceMap$SoftRef::getValue (5 bytes)
Event: 12437.211 Thread 0x00007fed78150370 22968       3       org.eclipse.core.internal.registry.ReferenceMap::doRemove (118 bytes)
Event: 12437.258 Thread 0x00007fed78150370 nmethod 22968 0x00007fed6a3b0290 code [0x00007fed6a3b04c0, 0x00007fed6a3b0d00]
Event: 12437.259 Thread 0x00007fed7814eec0 nmethod 22967 0x00007fed71905110 code [0x00007fed719052a0, 0x00007fed71905358]
Event: 12437.290 Thread 0x00007fed78150370 22969       3       org.eclipse.core.internal.registry.TableReader::readUTF (126 bytes)
Event: 12437.362 Thread 0x00007fed78150370 nmethod 22969 0x00007fed6a518f90 code [0x00007fed6a519220, 0x00007fed6a51a020]

GC Heap History (20 events):
Event: 4697.976 GC heap after
{Heap after GC invocations=1394 (full 20):
 PSYoungGen      total 6144K, used 208K [0x00000000eab00000, 0x00000000eb380000, 0x0000000100000000)
  eden space 4608K, 0% used [0x00000000eab00000,0x00000000eab00000,0x00000000eaf80000)
  from space 1536K, 13% used [0x00000000eb100000,0x00000000eb134010,0x00000000eb280000)
  to   space 512K, 0% used [0x00000000eb300000,0x00000000eb300000,0x00000000eb380000)
 ParOldGen       total 132608K, used 128024K [0x00000000c0000000, 0x00000000c8180000, 0x00000000eab00000)
  object space 132608K, 96% used [0x00000000c0000000,0x00000000c7d060b0,0x00000000c8180000)
 Metaspace       used 96150K, committed 97472K, reserved 1179648K
  class space    used 9970K, committed 10560K, reserved 1048576K
}
Event: 4698.015 GC heap before
{Heap before GC invocations=1395 (full 20):
 PSYoungGen      total 6144K, used 4816K [0x00000000eab00000, 0x00000000eb380000, 0x0000000100000000)
  eden space 4608K, 100% used [0x00000000eab00000,0x00000000eaf80000,0x00000000eaf80000)
  from space 1536K, 13% used [0x00000000eb100000,0x00000000eb134010,0x00000000eb280000)
  to   space 512K, 0% used [0x00000000eb300000,0x00000000eb300000,0x00000000eb380000)
 ParOldGen       total 132608K, used 128024K [0x00000000c0000000, 0x00000000c8180000, 0x00000000eab00000)
  object space 132608K, 96% used [0x00000000c0000000,0x00000000c7d060b0,0x00000000c8180000)
 Metaspace       used 96157K, committed 97472K, reserved 1179648K
  class space    used 9970K, committed 10560K, reserved 1048576K
}
Event: 4698.018 GC heap after
{Heap after GC invocations=1395 (full 20):
 PSYoungGen      total 5120K, used 160K [0x00000000eab00000, 0x00000000eb380000, 0x0000000100000000)
  eden space 4608K, 0% used [0x00000000eab00000,0x00000000eab00000,0x00000000eaf80000)
  from space 512K, 31% used [0x00000000eb300000,0x00000000eb328000,0x00000000eb380000)
  to   space 512K, 0% used [0x00000000eb280000,0x00000000eb280000,0x00000000eb300000)
 ParOldGen       total 132608K, used 128144K [0x00000000c0000000, 0x00000000c8180000, 0x00000000eab00000)
  object space 132608K, 96% used [0x00000000c0000000,0x00000000c7d240b0,0x00000000c8180000)
 Metaspace       used 96157K, committed 97472K, reserved 1179648K
  class space    used 9970K, committed 10560K, reserved 1048576K
}
Event: 4698.068 GC heap before
{Heap before GC invocations=1396 (full 20):
 PSYoungGen      total 5120K, used 4768K [0x00000000eab00000, 0x00000000eb380000, 0x0000000100000000)
  eden space 4608K, 100% used [0x00000000eab00000,0x00000000eaf80000,0x00000000eaf80000)
  from space 512K, 31% used [0x00000000eb300000,0x00000000eb328000,0x00000000eb380000)
  to   space 512K, 0% used [0x00000000eb280000,0x00000000eb280000,0x00000000eb300000)
 ParOldGen       total 132608K, used 128144K [0x00000000c0000000, 0x00000000c8180000, 0x00000000eab00000)
  object space 132608K, 96% used [0x00000000c0000000,0x00000000c7d240b0,0x00000000c8180000)
 Metaspace       used 96190K, committed 97472K, reserved 1179648K
  class space    used 9970K, committed 10560K, reserved 1048576K
}
Event: 4698.070 GC heap after
{Heap after GC invocations=1396 (full 20):
 PSYoungGen      total 5120K, used 224K [0x00000000eab00000, 0x00000000eb380000, 0x0000000100000000)
  eden space 4608K, 0% used [0x00000000eab00000,0x00000000eab00000,0x00000000eaf80000)
  from space 512K, 43% used [0x00000000eb280000,0x00000000eb2b8000,0x00000000eb300000)
  to   space 512K, 0% used [0x00000000eb300000,0x00000000eb300000,0x00000000eb380000)
 ParOldGen       total 132608K, used 128256K [0x00000000c0000000, 0x00000000c8180000, 0x00000000eab00000)
  object space 132608K, 96% used [0x00000000c0000000,0x00000000c7d400b0,0x00000000c8180000)
 Metaspace       used 96190K, committed 97472K, reserved 1179648K
  class space    used 9970K, committed 10560K, reserved 1048576K
}
Event: 4698.152 GC heap before
{Heap before GC invocations=1397 (full 20):
 PSYoungGen      total 5120K, used 4832K [0x00000000eab00000, 0x00000000eb380000, 0x0000000100000000)
  eden space 4608K, 100% used [0x00000000eab00000,0x00000000eaf80000,0x00000000eaf80000)
  from space 512K, 43% used [0x00000000eb280000,0x00000000eb2b8000,0x00000000eb300000)
  to   space 512K, 0% used [0x00000000eb300000,0x00000000eb300000,0x00000000eb380000)
 ParOldGen       total 132608K, used 128256K [0x00000000c0000000, 0x00000000c8180000, 0x00000000eab00000)
  object space 132608K, 96% used [0x00000000c0000000,0x00000000c7d400b0,0x00000000c8180000)
 Metaspace       used 96212K, committed 97536K, reserved 1179648K
  class space    used 9970K, committed 10560K, reserved 1048576K
}
Event: 4698.154 GC heap after
{Heap after GC invocations=1397 (full 20):
 PSYoungGen      total 5120K, used 160K [0x00000000eab00000, 0x00000000eb380000, 0x0000000100000000)
  eden space 4608K, 0% used [0x00000000eab00000,0x00000000eab00000,0x00000000eaf80000)
  from space 512K, 31% used [0x00000000eb300000,0x00000000eb328000,0x00000000eb380000)
  to   space 512K, 0% used [0x00000000eb280000,0x00000000eb280000,0x00000000eb300000)
 ParOldGen       total 132608K, used 128432K [0x00000000c0000000, 0x00000000c8180000, 0x00000000eab00000)
  object space 132608K, 96% used [0x00000000c0000000,0x00000000c7d6c0b0,0x00000000c8180000)
 Metaspace       used 96212K, committed 97536K, reserved 1179648K
  class space    used 9970K, committed 10560K, reserved 1048576K
}
Event: 4698.256 GC heap before
{Heap before GC invocations=1398 (full 20):
 PSYoungGen      total 5120K, used 4768K [0x00000000eab00000, 0x00000000eb380000, 0x0000000100000000)
  eden space 4608K, 100% used [0x00000000eab00000,0x00000000eaf80000,0x00000000eaf80000)
  from space 512K, 31% used [0x00000000eb300000,0x00000000eb328000,0x00000000eb380000)
  to   space 512K, 0% used [0x00000000eb280000,0x00000000eb280000,0x00000000eb300000)
 ParOldGen       total 132608K, used 128432K [0x00000000c0000000, 0x00000000c8180000, 0x00000000eab00000)
  object space 132608K, 96% used [0x00000000c0000000,0x00000000c7d6c0b0,0x00000000c8180000)
 Metaspace       used 96250K, committed 97536K, reserved 1179648K
  class space    used 9970K, committed 10560K, reserved 1048576K
}
Event: 4698.261 GC heap after
{Heap after GC invocations=1398 (full 20):
 PSYoungGen      total 5120K, used 489K [0x00000000eab00000, 0x00000000eb380000, 0x0000000100000000)
  eden space 4608K, 0% used [0x00000000eab00000,0x00000000eab00000,0x00000000eaf80000)
  from space 512K, 95% used [0x00000000eb280000,0x00000000eb2fa4f0,0x00000000eb300000)
  to   space 512K, 0% used [0x00000000eb300000,0x00000000eb300000,0x00000000eb380000)
 ParOldGen       total 132608K, used 128608K [0x00000000c0000000, 0x00000000c8180000, 0x00000000eab00000)
  object space 132608K, 96% used [0x00000000c0000000,0x00000000c7d980b0,0x00000000c8180000)
 Metaspace       used 96250K, committed 97536K, reserved 1179648K
  class space    used 9970K, committed 10560K, reserved 1048576K
}
Event: 8172.985 GC heap before
{Heap before GC invocations=1399 (full 20):
 PSYoungGen      total 5120K, used 5097K [0x00000000eab00000, 0x00000000eb380000, 0x0000000100000000)
  eden space 4608K, 100% used [0x00000000eab00000,0x00000000eaf80000,0x00000000eaf80000)
  from space 512K, 95% used [0x00000000eb280000,0x00000000eb2fa4f0,0x00000000eb300000)
  to   space 512K, 0% used [0x00000000eb300000,0x00000000eb300000,0x00000000eb380000)
 ParOldGen       total 132608K, used 128608K [0x00000000c0000000, 0x00000000c8180000, 0x00000000eab00000)
  object space 132608K, 96% used [0x00000000c0000000,0x00000000c7d980b0,0x00000000c8180000)
 Metaspace       used 96306K, committed 97536K, reserved 1179648K
  class space    used 9973K, committed 10560K, reserved 1048576K
}
Event: 8172.988 GC heap after
{Heap after GC invocations=1399 (full 20):
 PSYoungGen      total 5120K, used 224K [0x00000000eab00000, 0x00000000eb380000, 0x0000000100000000)
  eden space 4608K, 0% used [0x00000000eab00000,0x00000000eab00000,0x00000000eaf80000)
  from space 512K, 43% used [0x00000000eb300000,0x00000000eb338000,0x00000000eb380000)
  to   space 512K, 0% used [0x00000000eb280000,0x00000000eb280000,0x00000000eb300000)
 ParOldGen       total 132608K, used 129026K [0x00000000c0000000, 0x00000000c8180000, 0x00000000eab00000)
  object space 132608K, 97% used [0x00000000c0000000,0x00000000c7e00a58,0x00000000c8180000)
 Metaspace       used 96306K, committed 97536K, reserved 1179648K
  class space    used 9973K, committed 10560K, reserved 1048576K
}
Event: 10513.327 GC heap before
{Heap before GC invocations=1400 (full 20):
 PSYoungGen      total 5120K, used 4832K [0x00000000eab00000, 0x00000000eb380000, 0x0000000100000000)
  eden space 4608K, 100% used [0x00000000eab00000,0x00000000eaf80000,0x00000000eaf80000)
  from space 512K, 43% used [0x00000000eb300000,0x00000000eb338000,0x00000000eb380000)
  to   space 512K, 0% used [0x00000000eb280000,0x00000000eb280000,0x00000000eb300000)
 ParOldGen       total 132608K, used 129026K [0x00000000c0000000, 0x00000000c8180000, 0x00000000eab00000)
  object space 132608K, 97% used [0x00000000c0000000,0x00000000c7e00a58,0x00000000c8180000)
 Metaspace       used 96306K, committed 97536K, reserved 1179648K
  class space    used 9973K, committed 10560K, reserved 1048576K
}
Event: 10517.486 GC heap after
{Heap after GC invocations=1400 (full 20):
 PSYoungGen      total 5120K, used 400K [0x00000000eab00000, 0x00000000eb380000, 0x0000000100000000)
  eden space 4608K, 0% used [0x00000000eab00000,0x00000000eab00000,0x00000000eaf80000)
  from space 512K, 78% used [0x00000000eb280000,0x00000000eb2e4010,0x00000000eb300000)
  to   space 512K, 0% used [0x00000000eb300000,0x00000000eb300000,0x00000000eb380000)
 ParOldGen       total 132608K, used 129106K [0x00000000c0000000, 0x00000000c8180000, 0x00000000eab00000)
  object space 132608K, 97% used [0x00000000c0000000,0x00000000c7e14a58,0x00000000c8180000)
 Metaspace       used 96306K, committed 97536K, reserved 1179648K
  class space    used 9973K, committed 10560K, reserved 1048576K
}
Event: 12157.687 GC heap before
{Heap before GC invocations=1401 (full 20):
 PSYoungGen      total 5120K, used 5008K [0x00000000eab00000, 0x00000000eb380000, 0x0000000100000000)
  eden space 4608K, 99% used [0x00000000eab00000,0x00000000eaf7fff8,0x00000000eaf80000)
  from space 512K, 78% used [0x00000000eb280000,0x00000000eb2e4010,0x00000000eb300000)
  to   space 512K, 0% used [0x00000000eb300000,0x00000000eb300000,0x00000000eb380000)
 ParOldGen       total 132608K, used 129106K [0x00000000c0000000, 0x00000000c8180000, 0x00000000eab00000)
  object space 132608K, 97% used [0x00000000c0000000,0x00000000c7e14a58,0x00000000c8180000)
 Metaspace       used 96324K, committed 97600K, reserved 1179648K
  class space    used 9973K, committed 10560K, reserved 1048576K
}
Event: 12159.144 GC heap after
{Heap after GC invocations=1401 (full 20):
 PSYoungGen      total 5120K, used 160K [0x00000000eab00000, 0x00000000eb380000, 0x0000000100000000)
  eden space 4608K, 0% used [0x00000000eab00000,0x00000000eab00000,0x00000000eaf80000)
  from space 512K, 31% used [0x00000000eb300000,0x00000000eb328000,0x00000000eb380000)
  to   space 512K, 0% used [0x00000000eb280000,0x00000000eb280000,0x00000000eb300000)
 ParOldGen       total 132608K, used 129445K [0x00000000c0000000, 0x00000000c8180000, 0x00000000eab00000)
  object space 132608K, 97% used [0x00000000c0000000,0x00000000c7e694c8,0x00000000c8180000)
 Metaspace       used 96324K, committed 97600K, reserved 1179648K
  class space    used 9973K, committed 10560K, reserved 1048576K
}
Event: 12436.613 GC heap before
{Heap before GC invocations=1402 (full 20):
 PSYoungGen      total 5120K, used 4768K [0x00000000eab00000, 0x00000000eb380000, 0x0000000100000000)
  eden space 4608K, 100% used [0x00000000eab00000,0x00000000eaf80000,0x00000000eaf80000)
  from space 512K, 31% used [0x00000000eb300000,0x00000000eb328000,0x00000000eb380000)
  to   space 512K, 0% used [0x00000000eb280000,0x00000000eb280000,0x00000000eb300000)
 ParOldGen       total 132608K, used 129445K [0x00000000c0000000, 0x00000000c8180000, 0x00000000eab00000)
  object space 132608K, 97% used [0x00000000c0000000,0x00000000c7e694c8,0x00000000c8180000)
 Metaspace       used 96570K, committed 97792K, reserved 1179648K
  class space    used 10010K, committed 10560K, reserved 1048576K
}
Event: 12436.948 GC heap after
{Heap after GC invocations=1402 (full 20):
 PSYoungGen      total 5120K, used 492K [0x00000000eab00000, 0x00000000eb380000, 0x0000000100000000)
  eden space 4608K, 0% used [0x00000000eab00000,0x00000000eab00000,0x00000000eaf80000)
  from space 512K, 96% used [0x00000000eb280000,0x00000000eb2fb2a8,0x00000000eb300000)
  to   space 512K, 0% used [0x00000000eb300000,0x00000000eb300000,0x00000000eb380000)
 ParOldGen       total 132608K, used 129717K [0x00000000c0000000, 0x00000000c8180000, 0x00000000eab00000)
  object space 132608K, 97% used [0x00000000c0000000,0x00000000c7ead4c8,0x00000000c8180000)
 Metaspace       used 96570K, committed 97792K, reserved 1179648K
  class space    used 10010K, committed 10560K, reserved 1048576K
}
Event: 12437.720 GC heap before
{Heap before GC invocations=1403 (full 20):
 PSYoungGen      total 5120K, used 5100K [0x00000000eab00000, 0x00000000eb380000, 0x0000000100000000)
  eden space 4608K, 100% used [0x00000000eab00000,0x00000000eaf80000,0x00000000eaf80000)
  from space 512K, 96% used [0x00000000eb280000,0x00000000eb2fb2a8,0x00000000eb300000)
  to   space 512K, 0% used [0x00000000eb300000,0x00000000eb300000,0x00000000eb380000)
 ParOldGen       total 132608K, used 129717K [0x00000000c0000000, 0x00000000c8180000, 0x00000000eab00000)
  object space 132608K, 97% used [0x00000000c0000000,0x00000000c7ead4c8,0x00000000c8180000)
 Metaspace       used 96582K, committed 97792K, reserved 1179648K
  class space    used 10015K, committed 10560K, reserved 1048576K
}
Event: 12438.956 GC heap after
{Heap after GC invocations=1403 (full 20):
 PSYoungGen      total 3072K, used 487K [0x00000000eab00000, 0x00000000eba80000, 0x0000000100000000)
  eden space 2560K, 0% used [0x00000000eab00000,0x00000000eab00000,0x00000000ead80000)
  from space 512K, 95% used [0x00000000eb300000,0x00000000eb379f48,0x00000000eb380000)
  to   space 5632K, 0% used [0x00000000ead80000,0x00000000ead80000,0x00000000eb300000)
 ParOldGen       total 134144K, used 134009K [0x00000000c0000000, 0x00000000c8300000, 0x00000000eab00000)
  object space 134144K, 99% used [0x00000000c0000000,0x00000000c82de6b8,0x00000000c8300000)
 Metaspace       used 96582K, committed 97792K, reserved 1179648K
  class space    used 10015K, committed 10560K, reserved 1048576K
}
Event: 12438.956 GC heap before
{Heap before GC invocations=1404 (full 21):
 PSYoungGen      total 3072K, used 487K [0x00000000eab00000, 0x00000000eba80000, 0x0000000100000000)
  eden space 2560K, 0% used [0x00000000eab00000,0x00000000eab00000,0x00000000ead80000)
  from space 512K, 95% used [0x00000000eb300000,0x00000000eb379f48,0x00000000eb380000)
  to   space 5632K, 0% used [0x00000000ead80000,0x00000000ead80000,0x00000000eb300000)
 ParOldGen       total 134144K, used 134009K [0x00000000c0000000, 0x00000000c8300000, 0x00000000eab00000)
  object space 134144K, 99% used [0x00000000c0000000,0x00000000c82de6b8,0x00000000c8300000)
 Metaspace       used 96582K, committed 97792K, reserved 1179648K
  class space    used 10015K, committed 10560K, reserved 1048576K
}

Dll operation events (10 events):
Event: 0.450 Loaded shared library /home/maithenkumar/.vscode/extensions/redhat.java-1.21.0-linux-x64/jre/17.0.7-linux-x86_64/lib/libjava.so
Event: 1.150 Loaded shared library /home/maithenkumar/.vscode/extensions/redhat.java-1.21.0-linux-x64/jre/17.0.7-linux-x86_64/lib/libzip.so
Event: 1.165 Loaded shared library /home/maithenkumar/.vscode/extensions/redhat.java-1.21.0-linux-x64/jre/17.0.7-linux-x86_64/lib/libinstrument.so
Event: 1.196 Loaded shared library /home/maithenkumar/.vscode/extensions/redhat.java-1.21.0-linux-x64/jre/17.0.7-linux-x86_64/lib/libnio.so
Event: 1.234 Loaded shared library /home/maithenkumar/.vscode/extensions/redhat.java-1.21.0-linux-x64/jre/17.0.7-linux-x86_64/lib/libzip.so
Event: 1.299 Loaded shared library /home/maithenkumar/.vscode/extensions/redhat.java-1.21.0-linux-x64/jre/17.0.7-linux-x86_64/lib/libjimage.so
Event: 1.530 Loaded shared library /home/maithenkumar/.vscode/extensions/redhat.java-1.21.0-linux-x64/jre/17.0.7-linux-x86_64/lib/libverify.so
Event: 4.970 Loaded shared library /home/maithenkumar/.vscode/extensions/redhat.java-1.21.0-linux-x64/jre/17.0.7-linux-x86_64/lib/libnet.so
Event: 8.842 Loaded shared library /home/maithenkumar/.config/Code/User/globalStorage/redhat.java/1.21.0/config_linux/org.eclipse.equinox.launcher/org.eclipse.equinox.launcher.gtk.linux.x86_64_1.2.700.v20221108-1024/eclipse_11801.so
Event: 130.301 Loaded shared library /home/maithenkumar/.vscode/extensions/redhat.java-1.21.0-linux-x64/jre/17.0.7-linux-x86_64/lib/libextnet.so

Deoptimization events (20 events):
Event: 12419.609 Thread 0x00007fed78524060 DEOPT UNPACKING pc=0x00007fed7058e399 sp=0x00007fed27efca90 mode 2
Event: 12419.613 Thread 0x00007fed5408fa30 DEOPT UNPACKING pc=0x00007fed7058e399 sp=0x00007fed1faa8cc8 mode 2
Event: 12421.876 Thread 0x00007fed78524060 DEOPT PACKING pc=0x00007fed6ac561a4 sp=0x00007fed27efd810
Event: 12421.876 Thread 0x00007fed78524060 DEOPT UNPACKING pc=0x00007fed7058eb2f sp=0x00007fed27efcd08 mode 0
Event: 12421.876 Thread 0x00007fed78524060 Uncommon trap: trap_request=0xffffff45 fr.pc=0x00007fed718e37a4 relative=0x0000000000000784
Event: 12421.876 Thread 0x00007fed78524060 Uncommon trap: reason=unstable_if action=reinterpret pc=0x00007fed718e37a4 method=java.util.concurrent.FutureTask.runAndReset()Z @ 75 c2
Event: 12421.876 Thread 0x00007fed78524060 DEOPT PACKING pc=0x00007fed718e37a4 sp=0x00007fed27efd8a0
Event: 12421.876 Thread 0x00007fed78524060 DEOPT UNPACKING pc=0x00007fed7058e399 sp=0x00007fed27efd800 mode 2
Event: 12426.090 Thread 0x00007fed340e47e0 Uncommon trap: trap_request=0xffffffde fr.pc=0x00007fed71158b48 relative=0x0000000000000268
Event: 12426.130 Thread 0x00007fed340e47e0 Uncommon trap: reason=class_check action=maybe_recompile pc=0x00007fed71158b48 method=java.util.stream.Nodes.flatten(Ljava/util/stream/Node;Ljava/util/function/IntFunction;)Ljava/util/stream/Node; @ 37 c2
Event: 12426.141 Thread 0x00007fed340e47e0 DEOPT PACKING pc=0x00007fed71158b48 sp=0x00007fed27dfc350
Event: 12426.158 Thread 0x00007fed340e47e0 DEOPT UNPACKING pc=0x00007fed7058e399 sp=0x00007fed27dfc2f0 mode 2
Event: 12434.880 Thread 0x00007fed78715a90 Uncommon trap: trap_request=0xffffff45 fr.pc=0x00007fed70ba73f0 relative=0x00000000000004b0
Event: 12434.880 Thread 0x00007fed78715a90 Uncommon trap: reason=unstable_if action=reinterpret pc=0x00007fed70ba73f0 method=java.util.IdentityHashMap.remove(Ljava/lang/Object;)Ljava/lang/Object; @ 85 c2
Event: 12434.880 Thread 0x00007fed78715a90 DEOPT PACKING pc=0x00007fed70ba73f0 sp=0x00007fed27ffbf10
Event: 12434.880 Thread 0x00007fed78715a90 DEOPT UNPACKING pc=0x00007fed7058e399 sp=0x00007fed27ffbec0 mode 2
Event: 12437.152 Thread 0x00007fed78715a90 Uncommon trap: trap_request=0xffffff45 fr.pc=0x00007fed70bfe94c relative=0x00000000000002ec
Event: 12437.163 Thread 0x00007fed78715a90 Uncommon trap: reason=unstable_if action=reinterpret pc=0x00007fed70bfe94c method=org.eclipse.core.internal.registry.ReferenceMap.get(I)Ljava/lang/Object; @ 32 c2
Event: 12437.171 Thread 0x00007fed78715a90 DEOPT PACKING pc=0x00007fed70bfe94c sp=0x00007fed27ffdf10
Event: 12437.171 Thread 0x00007fed78715a90 DEOPT UNPACKING pc=0x00007fed7058e399 sp=0x00007fed27ffdd68 mode 2

Classes unloaded (20 events):
Event: 1171.870 Thread 0x00007fed7810f580 Unloading class 0x0000000100891800 'java/lang/invoke/LambdaForm$MH+0x0000000100891800'
Event: 1171.870 Thread 0x00007fed7810f580 Unloading class 0x0000000100891400 'java/lang/invoke/LambdaForm$MH+0x0000000100891400'
Event: 1171.870 Thread 0x00007fed7810f580 Unloading class 0x0000000100891000 'java/lang/invoke/LambdaForm$MH+0x0000000100891000'
Event: 1619.549 Thread 0x00007fed7810f580 Unloading class 0x000000010094c800 'jdk/internal/reflect/GeneratedConstructorAccessor47'
Event: 1619.549 Thread 0x00007fed7810f580 Unloading class 0x00000001008ed400 'jdk/internal/reflect/GeneratedConstructorAccessor44'
Event: 1619.549 Thread 0x00007fed7810f580 Unloading class 0x00000001008ecc00 'jdk/internal/reflect/GeneratedConstructorAccessor42'
Event: 1619.549 Thread 0x00007fed7810f580 Unloading class 0x00000001008ec800 'jdk/internal/reflect/GeneratedConstructorAccessor41'
Event: 1619.549 Thread 0x00007fed7810f580 Unloading class 0x00000001008ec400 'jdk/internal/reflect/GeneratedConstructorAccessor40'
Event: 1619.549 Thread 0x00007fed7810f580 Unloading class 0x0000000100210c00 'java/lang/invoke/LambdaForm$MH+0x0000000100210c00'
Event: 1619.550 Thread 0x00007fed7810f580 Unloading class 0x0000000100210800 'java/lang/invoke/LambdaForm$MH+0x0000000100210800'
Event: 1619.550 Thread 0x00007fed7810f580 Unloading class 0x0000000100210000 'java/lang/invoke/LambdaForm$MH+0x0000000100210000'
Event: 1933.397 Thread 0x00007fed7810f580 Unloading class 0x00000001009a9800 'java/lang/invoke/LambdaForm$MH+0x00000001009a9800'
Event: 1933.397 Thread 0x00007fed7810f580 Unloading class 0x00000001009a9400 'java/lang/invoke/LambdaForm$MH+0x00000001009a9400'
Event: 1933.397 Thread 0x00007fed7810f580 Unloading class 0x00000001009a9000 'java/lang/invoke/LambdaForm$MH+0x00000001009a9000'
Event: 1933.397 Thread 0x00007fed7810f580 Unloading class 0x00000001009a8c00 'java/lang/invoke/LambdaForm$MH+0x00000001009a8c00'
Event: 1933.397 Thread 0x00007fed7810f580 Unloading class 0x00000001009a8800 'java/lang/invoke/LambdaForm$MH+0x00000001009a8800'
Event: 1933.397 Thread 0x00007fed7810f580 Unloading class 0x00000001009a8400 'java/lang/invoke/LambdaForm$MH+0x00000001009a8400'
Event: 1933.397 Thread 0x00007fed7810f580 Unloading class 0x00000001009a8000 'java/lang/invoke/LambdaForm$MH+0x00000001009a8000'
Event: 1933.397 Thread 0x00007fed7810f580 Unloading class 0x00000001003d0400 'java/lang/invoke/LambdaForm$MH+0x00000001003d0400'
Event: 1933.397 Thread 0x00007fed7810f580 Unloading class 0x00000001003d0000 'java/lang/invoke/LambdaForm$MH+0x00000001003d0000'

Classes redefined (0 events):
No events

Internal exceptions (20 events):
Event: 4648.503 Thread 0x00007fed4c031d30 Exception <a 'java/lang/NoSuchMethodError'{0x00000000eaf53bf8}: 'void java.lang.invoke.DirectMethodHandle$Holder.invokeStatic(java.lang.Object, java.lang.Object, int)'> (0x00000000eaf53bf8) 
thrown [src/hotspot/share/interpreter/linkResolver.cpp, line 758]
Event: 4649.480 Thread 0x00007fed480939a0 Implicit null exception at 0x00007fed710a062d to 0x00007fed710a0af4
Event: 12380.153 Thread 0x000056072c281c20 Exception <a 'java/io/IOException'{0x00000000eab42b20}> (0x00000000eab42b20) 
thrown [src/hotspot/share/prims/jni.cpp, line 516]
Event: 12380.236 Thread 0x000056072c281c20 Exception <a 'java/io/IOException'{0x00000000eab42e28}> (0x00000000eab42e28) 
thrown [src/hotspot/share/prims/jni.cpp, line 516]
Event: 12380.236 Thread 0x000056072c281c20 Exception <a 'java/io/IOException'{0x00000000eab43130}> (0x00000000eab43130) 
thrown [src/hotspot/share/prims/jni.cpp, line 516]
Event: 12421.183 Thread 0x00007fed78524060 Exception <a 'java/io/IOException'{0x00000000eaca4f90}> (0x00000000eaca4f90) 
thrown [src/hotspot/share/prims/jni.cpp, line 516]
Event: 12421.183 Thread 0x00007fed78524060 Exception <a 'java/io/IOException'{0x00000000eaca6540}> (0x00000000eaca6540) 
thrown [src/hotspot/share/prims/jni.cpp, line 516]
Event: 12421.183 Thread 0x00007fed78524060 Exception <a 'java/io/IOException'{0x00000000eaca6d68}> (0x00000000eaca6d68) 
thrown [src/hotspot/share/prims/jni.cpp, line 516]
Event: 12421.850 Thread 0x00007fed78524060 Exception <a 'java/io/IOException'{0x00000000eaca7e30}> (0x00000000eaca7e30) 
thrown [src/hotspot/share/prims/jni.cpp, line 516]
Event: 12421.850 Thread 0x00007fed78524060 Exception <a 'java/io/IOException'{0x00000000eaca9d18}> (0x00000000eaca9d18) 
thrown [src/hotspot/share/prims/jni.cpp, line 516]
Event: 12421.850 Thread 0x00007fed78524060 Exception <a 'java/io/IOException'{0x00000000eacaa540}> (0x00000000eacaa540) 
thrown [src/hotspot/share/prims/jni.cpp, line 516]
Event: 12424.326 Thread 0x00007fed5408fa30 Exception <a 'java/lang/NoSuchMethodError'{0x00000000eadb4000}: 'java.lang.Object java.lang.invoke.DirectMethodHandle$Holder.newInvokeSpecial(java.lang.Object, java.lang.Object, java.lang.Object, java.lang.Object, java.lang.Object, java.lang.Object, java.lang.Object, java.lang.Object, java.lang.Object, java.lang.Object)'> (0x00000000eadb4000) 
thrown [src/hotspot/share/interpreter/linkResolver.cpp, line 758]
Event: 12429.547 Thread 0x00007fed5408fa30 Exception <a 'java/io/IOException'{0x00000000eae6f118}> (0x00000000eae6f118) 
thrown [src/hotspot/share/prims/jni.cpp, line 516]
Event: 12429.547 Thread 0x00007fed5408fa30 Exception <a 'java/io/IOException'{0x00000000eae6f420}> (0x00000000eae6f420) 
thrown [src/hotspot/share/prims/jni.cpp, line 516]
Event: 12429.547 Thread 0x00007fed5408fa30 Exception <a 'java/io/IOException'{0x00000000eae6f970}> (0x00000000eae6f970) 
thrown [src/hotspot/share/prims/jni.cpp, line 516]
Event: 12429.547 Thread 0x00007fed5408fa30 Exception <a 'java/io/IOException'{0x00000000eae70a88}> (0x00000000eae70a88) 
thrown [src/hotspot/share/prims/jni.cpp, line 516]
Event: 12429.547 Thread 0x00007fed5408fa30 Exception <a 'java/io/IOException'{0x00000000eae70b60}> (0x00000000eae70b60) 
thrown [src/hotspot/share/prims/jni.cpp, line 516]
Event: 12429.547 Thread 0x00007fed5408fa30 Exception <a 'java/io/IOException'{0x00000000eae712f8}> (0x00000000eae712f8) 
thrown [src/hotspot/share/prims/jni.cpp, line 516]
Event: 12436.223 Thread 0x00007fed78715a90 Exception <a 'java/io/FileNotFoundException'{0x00000000eaf642a8}> (0x00000000eaf642a8) 
thrown [src/hotspot/share/prims/jni.cpp, line 516]
Event: 12437.640 Thread 0x00007fed348a1790 Exception <a 'sun/nio/fs/UnixException'{0x00000000eab3c480}> (0x00000000eab3c480) 
thrown [src/hotspot/share/prims/jni.cpp, line 516]

VM Operations (20 events):
Event: 12425.884 Executing VM operation: Cleanup done
Event: 12427.884 Executing VM operation: Cleanup
Event: 12427.913 Executing VM operation: Cleanup done
Event: 12428.914 Executing VM operation: Cleanup
Event: 12429.020 Executing VM operation: Cleanup done
Event: 12430.020 Executing VM operation: Cleanup
Event: 12430.238 Executing VM operation: Cleanup done
Event: 12432.238 Executing VM operation: Cleanup
Event: 12432.248 Executing VM operation: Cleanup done
Event: 12433.248 Executing VM operation: Cleanup
Event: 12433.304 Executing VM operation: Cleanup done
Event: 12434.304 Executing VM operation: Cleanup
Event: 12434.319 Executing VM operation: Cleanup done
Event: 12435.142 Executing VM operation: HandshakeAllThreads
Event: 12435.142 Executing VM operation: HandshakeAllThreads done
Event: 12436.142 Executing VM operation: Cleanup
Event: 12436.155 Executing VM operation: Cleanup done
Event: 12436.613 Executing VM operation: ParallelGCFailedAllocation
Event: 12436.948 Executing VM operation: ParallelGCFailedAllocation done
Event: 12437.720 Executing VM operation: ParallelGCFailedAllocation

Events (20 events):
Event: 12406.120 loading class java/util/zip/Deflater$DeflaterZStreamRef
Event: 12406.332 loading class java/util/zip/Deflater$DeflaterZStreamRef done
Event: 12409.343 Thread 0x00007fed34372080 Thread exited: 0x00007fed34372080
Event: 12411.372 loading class java/util/concurrent/Executors$DelegatedScheduledExecutorService
Event: 12411.778 loading class java/util/concurrent/Executors$DelegatedExecutorService
Event: 12412.829 loading class java/util/concurrent/Executors$DelegatedExecutorService done
Event: 12412.848 loading class java/util/concurrent/Executors$DelegatedScheduledExecutorService done
Event: 12419.509 Thread 0x00007fed641b5760 Thread added: 0x00007fed641b5760
Event: 12419.510 Protecting memory [0x00007fed1acfd000,0x00007fed1ad01000] with protection modes 0
Event: 12420.453 loading class java/util/Collections$EmptyListIterator
Event: 12420.765 loading class java/util/Collections$EmptyListIterator done
Event: 12425.077 Thread 0x00007fed340e47e0 Thread added: 0x00007fed340e47e0
Event: 12425.077 Protecting memory [0x00007fed27cfd000,0x00007fed27d01000] with protection modes 0
Event: 12425.431 Thread 0x00007fed78715a90 Thread added: 0x00007fed78715a90
Event: 12425.437 Protecting memory [0x00007fed27eff000,0x00007fed27f03000] with protection modes 0
Event: 12426.202 Thread 0x00007fed340e47e0 Thread exited: 0x00007fed340e47e0
Event: 12430.553 Thread 0x00007fed340e47e0 Thread added: 0x00007fed340e47e0
Event: 12430.553 Protecting memory [0x00007fed27cfd000,0x00007fed27d01000] with protection modes 0
Event: 12435.707 loading class javax/security/auth/login/Configuration
Event: 12435.752 loading class javax/security/auth/login/Configuration done


Dynamic libraries:
c0000000-c8300000 rw-p 00000000 00:00 0 
c8300000-eab00000 ---p 00000000 00:00 0 
eab00000-eba80000 rw-p 00000000 00:00 0 
eba80000-100000000 ---p 00000000 00:00 0 
100000000-100020000 rw-p 00000000 00:00 0 
100020000-100040000 rw-p 00000000 00:00 0 
100040000-1000c0000 rw-p 00000000 00:00 0 
1000c0000-1000e0000 rw-p 00000000 00:00 0 
1000e0000-100140000 rw-p 00000000 00:00 0 
100140000-1001c0000 rw-p 00000000 00:00 0 
1001c0000-100200000 rw-p 00000000 00:00 0 
100200000-100300000 rw-p 00000000 00:00 0 
100300000-100780000 rw-p 00000000 00:00 0 
100780000-100940000 rw-p 00000000 00:00 0 
100940000-100960000 rw-p 00000000 00:00 0 
100960000-100a40000 rw-p 00000000 00:00 0 
100a40000-100a50000 rw-p 00000000 00:00 0 
100a50000-140000000 ---p 00000000 00:00 0 
56072ada6000-56072ada7000 r--p 00000000 08:04 19962680                   /home/maithenkumar/.vscode/extensions/redhat.java-1.21.0-linux-x64/jre/17.0.7-linux-x86_64/bin/java
56072ada7000-56072ada8000 r-xp 00001000 08:04 19962680                   /home/maithenkumar/.vscode/extensions/redhat.java-1.21.0-linux-x64/jre/17.0.7-linux-x86_64/bin/java
56072ada8000-56072ada9000 r--p 00002000 08:04 19962680                   /home/maithenkumar/.vscode/extensions/redhat.java-1.21.0-linux-x64/jre/17.0.7-linux-x86_64/bin/java
56072ada9000-56072adaa000 r--p 00002000 08:04 19962680                   /home/maithenkumar/.vscode/extensions/redhat.java-1.21.0-linux-x64/jre/17.0.7-linux-x86_64/bin/java
56072adaa000-56072adab000 rw-p 00003000 08:04 19962680                   /home/maithenkumar/.vscode/extensions/redhat.java-1.21.0-linux-x64/jre/17.0.7-linux-x86_64/bin/java
56072c05d000-56072c492000 rw-p 00000000 00:00 0                          [heap]
7fed1acfd000-7fed1ad01000 ---p 00000000 00:00 0 
7fed1ad01000-7fed1adfe000 rw-p 00000000 00:00 0 
7fed1adfe000-7fed1ae02000 ---p 00000000 00:00 0 
7fed1ae02000-7fed1aeff000 rw-p 00000000 00:00 0 
7fed1aeff000-7fed1af03000 ---p 00000000 00:00 0 
7fed1af03000-7fed1b6c0000 rw-p 00000000 00:00 0 
7fed1b6c0000-7fed1b700000 rw-p 00000000 00:00 0 
7fed1b700000-7fed1b860000 rw-p 00000000 00:00 0 
7fed1b860000-7fed1b880000 rw-p 00000000 00:00 0 
7fed1b880000-7fed1b900000 rw-p 00000000 00:00 0 
7fed1b900000-7fed1bb00000 rw-p 00000000 00:00 0 
7fed1bb00000-7fed1bc00000 rw-p 00000000 00:00 0 
7fed1bc00000-7fed1c4f0000 rw-p 00000000 00:00 0 
7fed1c4f0000-7fed1c500000 ---p 00000000 00:00 0 
7fed1c500000-7fed1c540000 rw-p 00000000 00:00 0 
7fed1c540000-7fed1f000000 ---p 00000000 00:00 0 
7fed1f0c0000-7fed1f0c4000 ---p 00000000 00:00 0 
7fed1f0c4000-7fed1f1c1000 rw-p 00000000 00:00 0 
7fed1f1c1000-7fed1f1c5000 ---p 00000000 00:00 0 
7fed1f1c5000-7fed1f2c2000 rw-p 00000000 00:00 0 
7fed1f2c2000-7fed1f2c6000 ---p 00000000 00:00 0 
7fed1f2c6000-7fed1f3c3000 rw-p 00000000 00:00 0 
7fed1f3c3000-7fed1f3c7000 ---p 00000000 00:00 0 
7fed1f3c7000-7fed1f4c4000 rw-p 00000000 00:00 0 
7fed1f4c4000-7fed1f4c8000 ---p 00000000 00:00 0 
7fed1f4c8000-7fed1f5c5000 rw-p 00000000 00:00 0 
7fed1f5c5000-7fed1f5c9000 ---p 00000000 00:00 0 
7fed1f5c9000-7fed1f6c6000 rw-p 00000000 00:00 0 
7fed1f7a8000-7fed1f7ac000 ---p 00000000 00:00 0 
7fed1f7ac000-7fed1f8a9000 rw-p 00000000 00:00 0 
7fed1f8a9000-7fed1f8ad000 ---p 00000000 00:00 0 
7fed1f8ad000-7fed1f9aa000 rw-p 00000000 00:00 0 
7fed1f9aa000-7fed1f9ae000 ---p 00000000 00:00 0 
7fed1f9ae000-7fed1faab000 rw-p 00000000 00:00 0 
7fed1faab000-7fed1faaf000 ---p 00000000 00:00 0 
7fed1faaf000-7fed1fbac000 rw-p 00000000 00:00 0 
7fed1fbac000-7fed1fbb0000 ---p 00000000 00:00 0 
7fed1fbb0000-7fed1fcad000 rw-p 00000000 00:00 0 
7fed1fcad000-7fed1fcb1000 ---p 00000000 00:00 0 
7fed1fcb1000-7fed1fdae000 rw-p 00000000 00:00 0 
7fed1fdae000-7fed1fdb2000 ---p 00000000 00:00 0 
7fed1fdb2000-7fed1feaf000 rw-p 00000000 00:00 0 
7fed1feaf000-7fed278f2000 r--s 00000000 08:04 3281491                    /usr/lib/jvm/java-17-openjdk-amd64/lib/modules
7fed278f9000-7fed278fd000 ---p 00000000 00:00 0 
7fed278fd000-7fed279fa000 rw-p 00000000 00:00 0 
7fed279fa000-7fed279fe000 ---p 00000000 00:00 0 
7fed279fe000-7fed27afb000 rw-p 00000000 00:00 0 
7fed27afb000-7fed27aff000 ---p 00000000 00:00 0 
7fed27aff000-7fed27bfc000 rw-p 00000000 00:00 0 
7fed27bfc000-7fed27c00000 ---p 00000000 00:00 0 
7fed27c00000-7fed27cfd000 rw-p 00000000 00:00 0 
7fed27cfd000-7fed27d01000 ---p 00000000 00:00 0 
7fed27d01000-7fed27dfe000 rw-p 00000000 00:00 0 
7fed27dfe000-7fed27e02000 ---p 00000000 00:00 0 
7fed27e02000-7fed27eff000 rw-p 00000000 00:00 0 
7fed27eff000-7fed27f03000 ---p 00000000 00:00 0 
7fed27f03000-7fed28000000 rw-p 00000000 00:00 0 
7fed28000000-7fed280ce000 rw-p 00000000 00:00 0 
7fed280ce000-7fed2c000000 ---p 00000000 00:00 0 
7fed2c000000-7fed2c0a1000 rw-p 00000000 00:00 0 
7fed2c0a1000-7fed30000000 ---p 00000000 00:00 0 
7fed30000000-7fed301ad000 rw-p 00000000 00:00 0 
7fed301ad000-7fed34000000 ---p 00000000 00:00 0 
7fed34000000-7fed34997000 rw-p 00000000 00:00 0 
7fed34997000-7fed38000000 ---p 00000000 00:00 0 
7fed38000000-7fed393c3000 rw-p 00000000 00:00 0 
7fed393c3000-7fed3c000000 ---p 00000000 00:00 0 
7fed3c000000-7fed3c1e9000 rw-p 00000000 00:00 0 
7fed3c1e9000-7fed40000000 ---p 00000000 00:00 0 
7fed40000000-7fed4007b000 rw-p 00000000 00:00 0 
7fed4007b000-7fed44000000 ---p 00000000 00:00 0 
7fed44000000-7fed4792e000 rw-p 00000000 00:00 0 
7fed4792e000-7fed48000000 ---p 00000000 00:00 0 
7fed48000000-7fed480be000 rw-p 00000000 00:00 0 
7fed480be000-7fed4c000000 ---p 00000000 00:00 0 
7fed4c000000-7fed4c0d1000 rw-p 00000000 00:00 0 
7fed4c0d1000-7fed50000000 ---p 00000000 00:00 0 
7fed50000000-7fed501d6000 rw-p 00000000 00:00 0 
7fed501d6000-7fed54000000 ---p 00000000 00:00 0 
7fed54000000-7fed540f8000 rw-p 00000000 00:00 0 
7fed540f8000-7fed58000000 ---p 00000000 00:00 0 
7fed58000000-7fed58043000 rw-p 00000000 00:00 0 
7fed58043000-7fed5c000000 ---p 00000000 00:00 0 
7fed5c0e4000-7fed5c0e8000 ---p 00000000 00:00 0 
7fed5c0e8000-7fed5c1e5000 rw-p 00000000 00:00 0 
7fed5c1e5000-7fed5c1e9000 ---p 00000000 00:00 0 
7fed5c1e9000-7fed5c2e6000 rw-p 00000000 00:00 0 
7fed5c2e6000-7fed5c2ea000 ---p 00000000 00:00 0 
7fed5c2ea000-7fed5c3e7000 rw-p 00000000 00:00 0 
7fed5c3e7000-7fed5c3f7000 r-xp 00000000 08:04 21116174                   /home/maithenkumar/.config/Code/User/globalStorage/redhat.java/1.21.0/config_linux/org.eclipse.equinox.launcher/org.eclipse.equinox.launcher.gtk.linux.x86_64_1.2.700.v20221108-1024/eclipse_11801.so
7fed5c3f7000-7fed5c5f6000 ---p 00010000 08:04 21116174                   /home/maithenkumar/.config/Code/User/globalStorage/redhat.java/1.21.0/config_linux/org.eclipse.equinox.launcher/org.eclipse.equinox.launcher.gtk.linux.x86_64_1.2.700.v20221108-1024/eclipse_11801.so
7fed5c5f6000-7fed5c5f7000 r--p 0000f000 08:04 21116174                   /home/maithenkumar/.config/Code/User/globalStorage/redhat.java/1.21.0/config_linux/org.eclipse.equinox.launcher/org.eclipse.equinox.launcher.gtk.linux.x86_64_1.2.700.v20221108-1024/eclipse_11801.so
7fed5c5f7000-7fed5c5f8000 rw-p 00010000 08:04 21116174                   /home/maithenkumar/.config/Code/User/globalStorage/redhat.java/1.21.0/config_linux/org.eclipse.equinox.launcher/org.eclipse.equinox.launcher.gtk.linux.x86_64_1.2.700.v20221108-1024/eclipse_11801.so
7fed5c5f8000-7fed5c5f9000 rw-p 00000000 00:00 0 
7fed5c5fa000-7fed5c5fe000 ---p 00000000 00:00 0 
7fed5c5fe000-7fed5c6fb000 rw-p 00000000 00:00 0 
7fed5c6fb000-7fed5c6ff000 ---p 00000000 00:00 0 
7fed5c6ff000-7fed5c7fc000 rw-p 00000000 00:00 0 
7fed5c7fc000-7fed5c800000 ---p 00000000 00:00 0 
7fed5c800000-7fed5c8fd000 rw-p 00000000 00:00 0 
7fed5c8fd000-7fed5c8fe000 ---p 00000000 00:00 0 
7fed5c8fe000-7fed5c9ff000 rw-p 00000000 00:00 0 
7fed5c9ff000-7fed5ca00000 ---p 00000000 00:00 0 
7fed5ca00000-7fed5cb01000 rw-p 00000000 00:00 0 
7fed5cb01000-7fed5cb05000 ---p 00000000 00:00 0 
7fed5cb05000-7fed5cc02000 rw-p 00000000 00:00 0 
7fed5cc02000-7fed5cc06000 ---p 00000000 00:00 0 
7fed5cc06000-7fed5cd03000 rw-p 00000000 00:00 0 
7fed5cd03000-7fed5cd07000 ---p 00000000 00:00 0 
7fed5cd07000-7fed5ce04000 rw-p 00000000 00:00 0 
7fed5ce04000-7fed5ce08000 ---p 00000000 00:00 0 
7fed5ce08000-7fed5cf05000 rw-p 00000000 00:00 0 
7fed5cf05000-7fed5cf09000 ---p 00000000 00:00 0 
7fed5cf09000-7fed5d006000 rw-p 00000000 00:00 0 
7fed5d006000-7fed5d00a000 ---p 00000000 00:00 0 
7fed5d00a000-7fed5d107000 rw-p 00000000 00:00 0 
7fed5d107000-7fed5e000000 r--p 00000000 08:04 2758051                    /usr/lib/locale/locale-archive
7fed5e000000-7fed5e400000 rw-p 00000000 00:00 0 
7fed5e400000-7fed5e480000 rw-p 00000000 00:00 0 
7fed5e480000-7fed5e500000 rw-p 00000000 00:00 0 
7fed5e500000-7fed5e800000 rw-p 00000000 00:00 0 
7fed5e800000-7fed5e8c0000 rw-p 00000000 00:00 0 
7fed5e8c0000-7fed5e900000 rw-p 00000000 00:00 0 
7fed5e900000-7fed5eb00000 rw-p 00000000 00:00 0 
7fed5eb00000-7fed5ec00000 rw-p 00000000 00:00 0 
7fed5ec00000-7fed5eda0000 rw-p 00000000 00:00 0 
7fed5eda0000-7fed5edc0000 rw-p 00000000 00:00 0 
7fed5edc0000-7fed5ef00000 rw-p 00000000 00:00 0 
7fed5ef00000-7fed5f000000 rw-p 00000000 00:00 0 
7fed5f000000-7fed5f300000 rw-p 00000000 00:00 0 
7fed5f300000-7fed5f400000 rw-p 00000000 00:00 0 
7fed5f400000-7fed5f5a0000 rw-p 00000000 00:00 0 
7fed5f5a0000-7fed5f5c0000 rw-p 00000000 00:00 0 
7fed5f5c0000-7fed5f700000 rw-p 00000000 00:00 0 
7fed5f700000-7fed5f800000 rw-p 00000000 00:00 0 
7fed5f800000-7fed5fe00000 rw-p 00000000 00:00 0 
7fed5fe00000-7fed5ff00000 rw-p 00000000 00:00 0 
7fed5ff00000-7fed60000000 rw-p 00000000 00:00 0 
7fed60000000-7fed60900000 rw-p 00000000 00:00 0 
7fed60900000-7fed60a00000 rw-p 00000000 00:00 0 
7fed60a00000-7fed619c0000 rw-p 00000000 00:00 0 
7fed619c0000-7fed61a00000 rw-p 00000000 00:00 0 
7fed61a00000-7fed61b00000 rw-p 00000000 00:00 0 
7fed61b00000-7fed61c00000 rw-p 00000000 00:00 0 
7fed61c00000-7fed62000000 rw-p 00000000 00:00 0 
7fed62000000-7fed64000000 rw-p 00000000 00:00 0 
7fed64000000-7fed645b0000 rw-p 00000000 00:00 0 
7fed645b0000-7fed68000000 ---p 00000000 00:00 0 
7fed68047000-7fed68048000 r--p 00000000 08:04 2759676                    /usr/lib/x86_64-linux-gnu/libnss_dns-2.31.so
7fed68048000-7fed6804c000 r-xp 00001000 08:04 2759676                    /usr/lib/x86_64-linux-gnu/libnss_dns-2.31.so
7fed6804c000-7fed6804d000 r--p 00005000 08:04 2759676                    /usr/lib/x86_64-linux-gnu/libnss_dns-2.31.so
7fed6804d000-7fed6804e000 r--p 00005000 08:04 2759676                    /usr/lib/x86_64-linux-gnu/libnss_dns-2.31.so
7fed6804e000-7fed6804f000 rw-p 00006000 08:04 2759676                    /usr/lib/x86_64-linux-gnu/libnss_dns-2.31.so
7fed6804f000-7fed68053000 r--p 00000000 08:04 2759871                    /usr/lib/x86_64-linux-gnu/libresolv-2.31.so
7fed68053000-7fed68063000 r-xp 00004000 08:04 2759871                    /usr/lib/x86_64-linux-gnu/libresolv-2.31.so
7fed68063000-7fed68067000 r--p 00014000 08:04 2759871                    /usr/lib/x86_64-linux-gnu/libresolv-2.31.so
7fed68067000-7fed68068000 r--p 00017000 08:04 2759871                    /usr/lib/x86_64-linux-gnu/libresolv-2.31.so
7fed68068000-7fed68069000 rw-p 00018000 08:04 2759871                    /usr/lib/x86_64-linux-gnu/libresolv-2.31.so
7fed68069000-7fed6806b000 rw-p 00000000 00:00 0 
7fed6806f000-7fed68070000 r--p 00000000 08:04 2759684                    /usr/lib/x86_64-linux-gnu/libnss_mdns4_minimal.so.2
7fed68070000-7fed68072000 r-xp 00001000 08:04 2759684                    /usr/lib/x86_64-linux-gnu/libnss_mdns4_minimal.so.2
7fed68072000-7fed68073000 r--p 00003000 08:04 2759684                    /usr/lib/x86_64-linux-gnu/libnss_mdns4_minimal.so.2
7fed68073000-7fed68074000 r--p 00003000 08:04 2759684                    /usr/lib/x86_64-linux-gnu/libnss_mdns4_minimal.so.2
7fed68074000-7fed68075000 rw-p 00004000 08:04 2759684                    /usr/lib/x86_64-linux-gnu/libnss_mdns4_minimal.so.2
7fed68087000-7fed6808e000 r--s 00000000 08:04 3410707                    /usr/lib/x86_64-linux-gnu/gconv/gconv-modules.cache
7fed6808f000-7fed68090000 r--p 00000000 08:04 20218274                   /home/maithenkumar/.vscode/extensions/redhat.java-1.21.0-linux-x64/jre/17.0.7-linux-x86_64/lib/libextnet.so
7fed68090000-7fed68091000 r-xp 00001000 08:04 20218274                   /home/maithenkumar/.vscode/extensions/redhat.java-1.21.0-linux-x64/jre/17.0.7-linux-x86_64/lib/libextnet.so
7fed68091000-7fed68092000 r--p 00002000 08:04 20218274                   /home/maithenkumar/.vscode/extensions/redhat.java-1.21.0-linux-x64/jre/17.0.7-linux-x86_64/lib/libextnet.so
7fed68092000-7fed68093000 r--p 00002000 08:04 20218274                   /home/maithenkumar/.vscode/extensions/redhat.java-1.21.0-linux-x64/jre/17.0.7-linux-x86_64/lib/libextnet.so
7fed68093000-7fed68094000 rw-p 00003000 08:04 20218274                   /home/maithenkumar/.vscode/extensions/redhat.java-1.21.0-linux-x64/jre/17.0.7-linux-x86_64/lib/libextnet.so
7fed68095000-7fed68099000 ---p 00000000 00:00 0 
7fed68099000-7fed680b7000 rw-p 00000000 00:00 0 
7fed680b7000-7fed680bb000 r--p 00000000 08:04 20218294                   /home/maithenkumar/.vscode/extensions/redhat.java-1.21.0-linux-x64/jre/17.0.7-linux-x86_64/lib/libnet.so
7fed680bb000-7fed680c9000 r-xp 00004000 08:04 20218294                   /home/maithenkumar/.vscode/extensions/redhat.java-1.21.0-linux-x64/jre/17.0.7-linux-x86_64/lib/libnet.so
7fed680c9000-7fed680cd000 r--p 00012000 08:04 20218294                   /home/maithenkumar/.vscode/extensions/redhat.java-1.21.0-linux-x64/jre/17.0.7-linux-x86_64/lib/libnet.so
7fed680cd000-7fed680ce000 r--p 00015000 08:04 20218294                   /home/maithenkumar/.vscode/extensions/redhat.java-1.21.0-linux-x64/jre/17.0.7-linux-x86_64/lib/libnet.so
7fed680ce000-7fed680cf000 rw-p 00016000 08:04 20218294                   /home/maithenkumar/.vscode/extensions/redhat.java-1.21.0-linux-x64/jre/17.0.7-linux-x86_64/lib/libnet.so
7fed680d4000-7fed680d8000 ---p 00000000 00:00 0 
7fed680d8000-7fed681d5000 rw-p 00000000 00:00 0 
7fed681d5000-7fed681d9000 ---p 00000000 00:00 0 
7fed681d9000-7fed682d6000 rw-p 00000000 00:00 0 
7fed682d6000-7fed682da000 ---p 00000000 00:00 0 
7fed682da000-7fed683d7000 rw-p 00000000 00:00 0 
7fed683d7000-7fed683db000 ---p 00000000 00:00 0 
7fed683db000-7fed684d8000 rw-p 00000000 00:00 0 
7fed684d8000-7fed684d9000 ---p 00000000 00:00 0 
7fed684d9000-7fed69000000 rw-p 00000000 00:00 0 
7fed69000000-7fed6b080000 rwxp 00000000 00:00 0 
7fed6b080000-7fed70538000 ---p 00000000 00:00 0 
7fed70538000-7fed707a8000 rwxp 00000000 00:00 0 
7fed707a8000-7fed70ac7000 ---p 00000000 00:00 0 
7fed70ac7000-7fed71907000 rwxp 00000000 00:00 0 
7fed71907000-7fed78000000 ---p 00000000 00:00 0 
7fed78000000-7fed7872b000 rw-p 00000000 00:00 0 
7fed7872b000-7fed7c000000 ---p 00000000 00:00 0 
7fed7c007000-7fed7c00b000 r--p 00000000 08:04 20218301                   /home/maithenkumar/.vscode/extensions/redhat.java-1.21.0-linux-x64/jre/17.0.7-linux-x86_64/lib/libverify.so
7fed7c00b000-7fed7c012000 r-xp 00004000 08:04 20218301                   /home/maithenkumar/.vscode/extensions/redhat.java-1.21.0-linux-x64/jre/17.0.7-linux-x86_64/lib/libverify.so
7fed7c012000-7fed7c014000 r--p 0000b000 08:04 20218301                   /home/maithenkumar/.vscode/extensions/redhat.java-1.21.0-linux-x64/jre/17.0.7-linux-x86_64/lib/libverify.so
7fed7c014000-7fed7c016000 r--p 0000c000 08:04 20218301                   /home/maithenkumar/.vscode/extensions/redhat.java-1.21.0-linux-x64/jre/17.0.7-linux-x86_64/lib/libverify.so
7fed7c016000-7fed7c017000 rw-p 0000e000 08:04 20218301                   /home/maithenkumar/.vscode/extensions/redhat.java-1.21.0-linux-x64/jre/17.0.7-linux-x86_64/lib/libverify.so
7fed7c017000-7fed7c01e000 r--p 00000000 08:04 20218295                   /home/maithenkumar/.vscode/extensions/redhat.java-1.21.0-linux-x64/jre/17.0.7-linux-x86_64/lib/libnio.so
7fed7c01e000-7fed7c027000 r-xp 00007000 08:04 20218295                   /home/maithenkumar/.vscode/extensions/redhat.java-1.21.0-linux-x64/jre/17.0.7-linux-x86_64/lib/libnio.so
7fed7c027000-7fed7c02b000 r--p 00010000 08:04 20218295                   /home/maithenkumar/.vscode/extensions/redhat.java-1.21.0-linux-x64/jre/17.0.7-linux-x86_64/lib/libnio.so
7fed7c02b000-7fed7c02c000 ---p 00014000 08:04 20218295                   /home/maithenkumar/.vscode/extensions/redhat.java-1.21.0-linux-x64/jre/17.0.7-linux-x86_64/lib/libnio.so
7fed7c02c000-7fed7c02d000 r--p 00014000 08:04 20218295                   /home/maithenkumar/.vscode/extensions/redhat.java-1.21.0-linux-x64/jre/17.0.7-linux-x86_64/lib/libnio.so
7fed7c02d000-7fed7c02e000 rw-p 00015000 08:04 20218295                   /home/maithenkumar/.vscode/extensions/redhat.java-1.21.0-linux-x64/jre/17.0.7-linux-x86_64/lib/libnio.so
7fed7c02f000-7fed7c031000 r--p 00000000 08:04 20218302                   /home/maithenkumar/.vscode/extensions/redhat.java-1.21.0-linux-x64/jre/17.0.7-linux-x86_64/lib/libzip.so
7fed7c031000-7fed7c035000 r-xp 00002000 08:04 20218302                   /home/maithenkumar/.vscode/extensions/redhat.java-1.21.0-linux-x64/jre/17.0.7-linux-x86_64/lib/libzip.so
7fed7c035000-7fed7c037000 r--p 00006000 08:04 20218302                   /home/maithenkumar/.vscode/extensions/redhat.java-1.21.0-linux-x64/jre/17.0.7-linux-x86_64/lib/libzip.so
7fed7c037000-7fed7c038000 r--p 00007000 08:04 20218302                   /home/maithenkumar/.vscode/extensions/redhat.java-1.21.0-linux-x64/jre/17.0.7-linux-x86_64/lib/libzip.so
7fed7c038000-7fed7c039000 rw-p 00008000 08:04 20218302                   /home/maithenkumar/.vscode/extensions/redhat.java-1.21.0-linux-x64/jre/17.0.7-linux-x86_64/lib/libzip.so
7fed7c03c000-7fed7c292000 rw-p 00000000 00:00 0 
7fed7c292000-7fed7c3a6000 ---p 00000000 00:00 0 
7fed7c3a6000-7fed7c3a7000 ---p 00000000 00:00 0 
7fed7c3a7000-7fed7c4ea000 rw-p 00000000 00:00 0 
7fed7c4ea000-7fed7c5fd000 ---p 00000000 00:00 0 
7fed7c5fd000-7fed7c606000 rw-p 00000000 00:00 0 
7fed7c606000-7fed7c6a8000 ---p 00000000 00:00 0 
7fed7c6a8000-7fed7c6c6000 rw-p 00000000 00:00 0 
7fed7c6c6000-7fed7c794000 ---p 00000000 00:00 0 
7fed7c794000-7fed7c7d5000 rw-p 00000000 00:00 0 
7fed7c7d5000-7fed7c87f000 ---p 00000000 00:00 0 
7fed7c87f000-7fed7c882000 r--p 00000000 08:04 2759678                    /usr/lib/x86_64-linux-gnu/libnss_files-2.31.so
7fed7c882000-7fed7c889000 r-xp 00003000 08:04 2759678                    /usr/lib/x86_64-linux-gnu/libnss_files-2.31.so
7fed7c889000-7fed7c88b000 r--p 0000a000 08:04 2759678                    /usr/lib/x86_64-linux-gnu/libnss_files-2.31.so
7fed7c88b000-7fed7c88c000 r--p 0000b000 08:04 2759678                    /usr/lib/x86_64-linux-gnu/libnss_files-2.31.so
7fed7c88c000-7fed7c88d000 rw-p 0000c000 08:04 2759678                    /usr/lib/x86_64-linux-gnu/libnss_files-2.31.so
7fed7c88d000-7fed7c893000 rw-p 00000000 00:00 0 
7fed7c89b000-7fed7c8a0000 rw-p 00000000 00:00 0 
7fed7c8a0000-7fed7c8a7000 ---p 00000000 00:00 0 
7fed7c8a7000-7fed7c8af000 rw-s 00000000 08:04 10879026                   /tmp/hsperfdata_maithenkumar/3327
7fed7c8af000-7fed7c8bc000 r--p 00000000 08:04 20218281                   /home/maithenkumar/.vscode/extensions/redhat.java-1.21.0-linux-x64/jre/17.0.7-linux-x86_64/lib/libjava.so
7fed7c8bc000-7fed7c8ce000 r-xp 0000d000 08:04 20218281                   /home/maithenkumar/.vscode/extensions/redhat.java-1.21.0-linux-x64/jre/17.0.7-linux-x86_64/lib/libjava.so
7fed7c8ce000-7fed7c8d4000 r--p 0001f000 08:04 20218281                   /home/maithenkumar/.vscode/extensions/redhat.java-1.21.0-linux-x64/jre/17.0.7-linux-x86_64/lib/libjava.so
7fed7c8d4000-7fed7c8d5000 ---p 00025000 08:04 20218281                   /home/maithenkumar/.vscode/extensions/redhat.java-1.21.0-linux-x64/jre/17.0.7-linux-x86_64/lib/libjava.so
7fed7c8d5000-7fed7c8d6000 r--p 00025000 08:04 20218281                   /home/maithenkumar/.vscode/extensions/redhat.java-1.21.0-linux-x64/jre/17.0.7-linux-x86_64/lib/libjava.so
7fed7c8d6000-7fed7c8d7000 rw-p 00026000 08:04 20218281                   /home/maithenkumar/.vscode/extensions/redhat.java-1.21.0-linux-x64/jre/17.0.7-linux-x86_64/lib/libjava.so
7fed7c8d7000-7fed7c8d8000 rw-p 00000000 00:00 0 
7fed7c8df000-7fed7f4f5000 r--s 00000000 08:04 20218303                   /home/maithenkumar/.vscode/extensions/redhat.java-1.21.0-linux-x64/jre/17.0.7-linux-x86_64/lib/modules
7fed7f4f7000-7fed7f4fb000 r--p 00000000 08:04 20218285                   /home/maithenkumar/.vscode/extensions/redhat.java-1.21.0-linux-x64/jre/17.0.7-linux-x86_64/lib/libjimage.so
7fed7f4fb000-7fed7f50e000 r-xp 00004000 08:04 20218285                   /home/maithenkumar/.vscode/extensions/redhat.java-1.21.0-linux-x64/jre/17.0.7-linux-x86_64/lib/libjimage.so
7fed7f50e000-7fed7f514000 r--p 00017000 08:04 20218285                   /home/maithenkumar/.vscode/extensions/redhat.java-1.21.0-linux-x64/jre/17.0.7-linux-x86_64/lib/libjimage.so
7fed7f514000-7fed7f516000 r--p 0001c000 08:04 20218285                   /home/maithenkumar/.vscode/extensions/redhat.java-1.21.0-linux-x64/jre/17.0.7-linux-x86_64/lib/libjimage.so
7fed7f516000-7fed7f517000 rw-p 0001e000 08:04 20218285                   /home/maithenkumar/.vscode/extensions/redhat.java-1.21.0-linux-x64/jre/17.0.7-linux-x86_64/lib/libjimage.so
7fed7f51e000-7fed7f522000 ---p 00000000 00:00 0 
7fed7f522000-7fed7f61f000 rw-p 00000000 00:00 0 
7fed7f61f000-7fed7f62c000 r--p 00000000 08:04 2759554                    /usr/lib/x86_64-linux-gnu/libm-2.31.so
7fed7f62c000-7fed7f6d3000 r-xp 0000d000 08:04 2759554                    /usr/lib/x86_64-linux-gnu/libm-2.31.so
7fed7f6d3000-7fed7f76c000 r--p 000b4000 08:04 2759554                    /usr/lib/x86_64-linux-gnu/libm-2.31.so
7fed7f76c000-7fed7f76d000 r--p 0014c000 08:04 2759554                    /usr/lib/x86_64-linux-gnu/libm-2.31.so
7fed7f76d000-7fed7f76e000 rw-p 0014d000 08:04 2759554                    /usr/lib/x86_64-linux-gnu/libm-2.31.so
7fed7f76f000-7fed7f771000 r--p 00000000 08:04 2759889                    /usr/lib/x86_64-linux-gnu/librt-2.31.so
7fed7f771000-7fed7f775000 r-xp 00002000 08:04 2759889                    /usr/lib/x86_64-linux-gnu/librt-2.31.so
7fed7f775000-7fed7f777000 r--p 00006000 08:04 2759889                    /usr/lib/x86_64-linux-gnu/librt-2.31.so
7fed7f777000-7fed7f778000 r--p 00007000 08:04 2759889                    /usr/lib/x86_64-linux-gnu/librt-2.31.so
7fed7f778000-7fed7f779000 rw-p 00008000 08:04 2759889                    /usr/lib/x86_64-linux-gnu/librt-2.31.so
7fed7f77f000-7fed7f9d1000 r--p 00000000 08:04 20218313                   /home/maithenkumar/.vscode/extensions/redhat.java-1.21.0-linux-x64/jre/17.0.7-linux-x86_64/lib/server/libjvm.so
7fed7f9d1000-7fed806f1000 r-xp 00252000 08:04 20218313                   /home/maithenkumar/.vscode/extensions/redhat.java-1.21.0-linux-x64/jre/17.0.7-linux-x86_64/lib/server/libjvm.so
7fed806f1000-7fed8097d000 r--p 00f72000 08:04 20218313                   /home/maithenkumar/.vscode/extensions/redhat.java-1.21.0-linux-x64/jre/17.0.7-linux-x86_64/lib/server/libjvm.so
7fed8097d000-7fed8097e000 ---p 011fe000 08:04 20218313                   /home/maithenkumar/.vscode/extensions/redhat.java-1.21.0-linux-x64/jre/17.0.7-linux-x86_64/lib/server/libjvm.so
7fed8097e000-7fed80a37000 r--p 011fe000 08:04 20218313                   /home/maithenkumar/.vscode/extensions/redhat.java-1.21.0-linux-x64/jre/17.0.7-linux-x86_64/lib/server/libjvm.so
7fed80a37000-7fed80a6c000 rw-p 012b7000 08:04 20218313                   /home/maithenkumar/.vscode/extensions/redhat.java-1.21.0-linux-x64/jre/17.0.7-linux-x86_64/lib/server/libjvm.so
7fed80a6c000-7fed80ac6000 rw-p 00000000 00:00 0 
7fed80ac7000-7fed80ae9000 r--p 00000000 08:04 2758857                    /usr/lib/x86_64-linux-gnu/libc-2.31.so
7fed80ae9000-7fed80c61000 r-xp 00022000 08:04 2758857                    /usr/lib/x86_64-linux-gnu/libc-2.31.so
7fed80c61000-7fed80caf000 r--p 0019a000 08:04 2758857                    /usr/lib/x86_64-linux-gnu/libc-2.31.so
7fed80caf000-7fed80cb3000 r--p 001e7000 08:04 2758857                    /usr/lib/x86_64-linux-gnu/libc-2.31.so
7fed80cb3000-7fed80cb5000 rw-p 001eb000 08:04 2758857                    /usr/lib/x86_64-linux-gnu/libc-2.31.so
7fed80cb5000-7fed80cb9000 rw-p 00000000 00:00 0 
7fed80cbf000-7fed80cc0000 r--p 00000000 08:04 2758996                    /usr/lib/x86_64-linux-gnu/libdl-2.31.so
7fed80cc0000-7fed80cc2000 r-xp 00001000 08:04 2758996                    /usr/lib/x86_64-linux-gnu/libdl-2.31.so
7fed80cc2000-7fed80cc3000 r--p 00003000 08:04 2758996                    /usr/lib/x86_64-linux-gnu/libdl-2.31.so
7fed80cc3000-7fed80cc4000 r--p 00003000 08:04 2758996                    /usr/lib/x86_64-linux-gnu/libdl-2.31.so
7fed80cc4000-7fed80cc5000 rw-p 00004000 08:04 2758996                    /usr/lib/x86_64-linux-gnu/libdl-2.31.so
7fed80cc7000-7fed80ccd000 r--p 00000000 08:04 2759824                    /usr/lib/x86_64-linux-gnu/libpthread-2.31.so
7fed80ccd000-7fed80cde000 r-xp 00006000 08:04 2759824                    /usr/lib/x86_64-linux-gnu/libpthread-2.31.so
7fed80cde000-7fed80ce4000 r--p 00017000 08:04 2759824                    /usr/lib/x86_64-linux-gnu/libpthread-2.31.so
7fed80ce4000-7fed80ce5000 r--p 0001c000 08:04 2759824                    /usr/lib/x86_64-linux-gnu/libpthread-2.31.so
7fed80ce5000-7fed80ce6000 rw-p 0001d000 08:04 2759824                    /usr/lib/x86_64-linux-gnu/libpthread-2.31.so
7fed80ce6000-7fed80cea000 rw-p 00000000 00:00 0 
7fed80cef000-7fed80cf2000 r--p 00000000 08:04 20218286                   /home/maithenkumar/.vscode/extensions/redhat.java-1.21.0-linux-x64/jre/17.0.7-linux-x86_64/lib/libjli.so
7fed80cf2000-7fed80cfc000 r-xp 00003000 08:04 20218286                   /home/maithenkumar/.vscode/extensions/redhat.java-1.21.0-linux-x64/jre/17.0.7-linux-x86_64/lib/libjli.so
7fed80cfc000-7fed80cff000 r--p 0000d000 08:04 20218286                   /home/maithenkumar/.vscode/extensions/redhat.java-1.21.0-linux-x64/jre/17.0.7-linux-x86_64/lib/libjli.so
7fed80cff000-7fed80d00000 ---p 00010000 08:04 20218286                   /home/maithenkumar/.vscode/extensions/redhat.java-1.21.0-linux-x64/jre/17.0.7-linux-x86_64/lib/libjli.so
7fed80d00000-7fed80d01000 r--p 00010000 08:04 20218286                   /home/maithenkumar/.vscode/extensions/redhat.java-1.21.0-linux-x64/jre/17.0.7-linux-x86_64/lib/libjli.so
7fed80d01000-7fed80d02000 rw-p 00011000 08:04 20218286                   /home/maithenkumar/.vscode/extensions/redhat.java-1.21.0-linux-x64/jre/17.0.7-linux-x86_64/lib/libjli.so
7fed80d07000-7fed80d09000 r--p 00000000 08:04 2760278                    /usr/lib/x86_64-linux-gnu/libz.so.1.2.11
7fed80d09000-7fed80d1a000 r-xp 00002000 08:04 2760278                    /usr/lib/x86_64-linux-gnu/libz.so.1.2.11
7fed80d1a000-7fed80d20000 r--p 00013000 08:04 2760278                    /usr/lib/x86_64-linux-gnu/libz.so.1.2.11
7fed80d20000-7fed80d21000 ---p 00019000 08:04 2760278                    /usr/lib/x86_64-linux-gnu/libz.so.1.2.11
7fed80d21000-7fed80d22000 r--p 00019000 08:04 2760278                    /usr/lib/x86_64-linux-gnu/libz.so.1.2.11
7fed80d22000-7fed80d23000 rw-p 0001a000 08:04 2760278                    /usr/lib/x86_64-linux-gnu/libz.so.1.2.11
7fed80d27000-7fed80d29000 r--p 00000000 08:04 20218276                   /home/maithenkumar/.vscode/extensions/redhat.java-1.21.0-linux-x64/jre/17.0.7-linux-x86_64/lib/libinstrument.so
7fed80d29000-7fed80d2f000 r-xp 00002000 08:04 20218276                   /home/maithenkumar/.vscode/extensions/redhat.java-1.21.0-linux-x64/jre/17.0.7-linux-x86_64/lib/libinstrument.so
7fed80d2f000-7fed80d32000 r--p 00008000 08:04 20218276                   /home/maithenkumar/.vscode/extensions/redhat.java-1.21.0-linux-x64/jre/17.0.7-linux-x86_64/lib/libinstrument.so
7fed80d32000-7fed80d33000 r--p 0000a000 08:04 20218276                   /home/maithenkumar/.vscode/extensions/redhat.java-1.21.0-linux-x64/jre/17.0.7-linux-x86_64/lib/libinstrument.so
7fed80d33000-7fed80d34000 rw-p 0000b000 08:04 20218276                   /home/maithenkumar/.vscode/extensions/redhat.java-1.21.0-linux-x64/jre/17.0.7-linux-x86_64/lib/libinstrument.so
7fed80d3b000-7fed80d3c000 ---p 00000000 00:00 0 
7fed80d3c000-7fed80d3d000 r--p 00000000 00:00 0 
7fed80d3d000-7fed80d3f000 rw-p 00000000 00:00 0 
7fed80d3f000-7fed80d40000 r--p 00000000 08:04 2758550                    /usr/lib/x86_64-linux-gnu/ld-2.31.so
7fed80d40000-7fed80d63000 r-xp 00001000 08:04 2758550                    /usr/lib/x86_64-linux-gnu/ld-2.31.so
7fed80d63000-7fed80d6b000 r--p 00024000 08:04 2758550                    /usr/lib/x86_64-linux-gnu/ld-2.31.so
7fed80d6c000-7fed80d6d000 r--p 0002c000 08:04 2758550                    /usr/lib/x86_64-linux-gnu/ld-2.31.so
7fed80d6d000-7fed80d6e000 rw-p 0002d000 08:04 2758550                    /usr/lib/x86_64-linux-gnu/ld-2.31.so
7fed80d6e000-7fed80d6f000 rw-p 00000000 00:00 0 
7fed80d6f000-7fed80d70000 ---p 00000000 00:00 0 
7fed80d70000-7fed80d72000 rw-p 00000000 00:00 0 
7fffa7002000-7fffa7023000 rw-p 00000000 00:00 0                          [stack]
7fffa70af000-7fffa70b3000 r--p 00000000 00:00 0                          [vvar]
7fffa70b3000-7fffa70b5000 r-xp 00000000 00:00 0                          [vdso]
ffffffffff600000-ffffffffff601000 --xp 00000000 00:00 0                  [vsyscall]


VM Arguments:
jvm_args: --add-modules=ALL-SYSTEM --add-opens=java.base/java.util=ALL-UNNAMED --add-opens=java.base/java.lang=ALL-UNNAMED --add-opens=java.base/sun.nio.fs=ALL-UNNAMED -Declipse.application=org.eclipse.jdt.ls.core.id1 -Dosgi.bundles.defaultStartLevel=4 -Declipse.product=org.eclipse.jdt.ls.core.product -Djava.import.generatesMetadataFilesAtProjectRoot=false -Dfile.encoding=utf8 -XX:+UseParallelGC -XX:GCTimeRatio=4 -XX:AdaptiveSizePolicyWeight=90 -Dsun.zip.disableMemoryMapping=true -Xmx1G -Xms100m -Xlog:disable -javaagent:/home/maithenkumar/.vscode/extensions/redhat.java-1.21.0-linux-x64/lombok/lombok-1.18.28.jar -XX:+HeapDumpOnOutOfMemoryError -XX:HeapDumpPath=/home/maithenkumar/.config/Code/User/workspaceStorage/b30704c281223fd9ff403384ad72cf4d/redhat.java -Daether.dependencyCollector.impl=bf 
java_command: /home/maithenkumar/.vscode/extensions/redhat.java-1.21.0-linux-x64/server/plugins/org.eclipse.equinox.launcher_1.6.500.v20230717-2134.jar -configuration /home/maithenkumar/.config/Code/User/globalStorage/redhat.java/1.21.0/config_linux -data /home/maithenkumar/.config/Code/User/workspaceStorage/b30704c281223fd9ff403384ad72cf4d/redhat.java/jdt_ws
java_class_path (initial): /home/maithenkumar/.vscode/extensions/redhat.java-1.21.0-linux-x64/server/plugins/org.eclipse.equinox.launcher_1.6.500.v20230717-2134.jar
Launcher Type: SUN_STANDARD

[Global flags]
    uintx AdaptiveSizePolicyWeight                 = 90                                        {product} {command line}
     intx CICompilerCount                          = 2                                         {product} {ergonomic}
    uintx GCTimeRatio                              = 4                                         {product} {command line}
     bool HeapDumpOnOutOfMemoryError               = true                                   {manageable} {command line}
    ccstr HeapDumpPath                             = /home/maithenkumar/.config/Code/User/workspaceStorage/b30704c281223fd9ff403384ad72cf4d/redhat.java         {manageable} {command line}
   size_t InitialHeapSize                          = 104857600                                 {product} {command line}
   size_t MaxHeapSize                              = 1073741824                                {product} {command line}
   size_t MaxNewSize                               = 357564416                                 {product} {ergonomic}
   size_t MinHeapDeltaBytes                        = 524288                                    {product} {ergonomic}
   size_t MinHeapSize                              = 104857600                                 {product} {command line}
   size_t NewSize                                  = 34603008                                  {product} {ergonomic}
    uintx NonNMethodCodeHeapSize                   = 5826188                                {pd product} {ergonomic}
    uintx NonProfiledCodeHeapSize                  = 122916026                              {pd product} {ergonomic}
   size_t OldSize                                  = 70254592                                  {product} {ergonomic}
    uintx ProfiledCodeHeapSize                     = 122916026                              {pd product} {ergonomic}
    uintx ReservedCodeCacheSize                    = 251658240                              {pd product} {ergonomic}
     bool SegmentedCodeCache                       = true                                      {product} {ergonomic}
   size_t SoftMaxHeapSize                          = 1073741824                             {manageable} {ergonomic}
     bool UseCompressedClassPointers               = true                           {product lp64_product} {ergonomic}
     bool UseCompressedOops                        = true                           {product lp64_product} {ergonomic}
     bool UseParallelGC                            = true                                      {product} {command line}

Logging:
Log output configuration:
 #0: stdout all=off uptime,level,tags
 #1: stderr all=off uptime,level,tags

Environment Variables:
PATH=/home/maithenkumar/.local/bin:/usr/local/sbin:/usr/local/bin:/usr/sbin:/usr/bin:/sbin:/bin:/usr/games:/usr/local/games:/snap/bin
SHELL=/bin/bash
DISPLAY=:0.0
LANG=en_US.UTF-8
LC_NUMERIC=en_IN
LC_TIME=en_IN

Active Locale:
LC_ALL=LC_CTYPE=en_US.UTF-8;LC_NUMERIC=en_IN;LC_TIME=en_IN;LC_COLLATE=en_US.UTF-8;LC_MONETARY=en_IN;LC_MESSAGES=en_US.UTF-8;LC_PAPER=en_IN;LC_NAME=en_IN;LC_ADDRESS=en_IN;LC_TELEPHONE=en_IN;LC_MEASUREMENT=en_IN;LC_IDENTIFICATION=en_IN
LC_COLLATE=en_US.UTF-8
LC_CTYPE=en_US.UTF-8
LC_MESSAGES=en_US.UTF-8
LC_MONETARY=en_IN
LC_NUMERIC=en_IN
LC_TIME=en_IN

Signal Handlers:
   SIGSEGV: crash_handler in libjvm.so, mask=11100100010111111101111111111110, flags=SA_RESTART|SA_SIGINFO, unblocked
    SIGBUS: crash_handler in libjvm.so, mask=11100100010111111101111111111110, flags=SA_RESTART|SA_SIGINFO, unblocked
    SIGFPE: crash_handler in libjvm.so, mask=11100100010111111101111111111110, flags=SA_RESTART|SA_SIGINFO, unblocked
   SIGPIPE: javaSignalHandler in libjvm.so, mask=11100100010111111101111111111110, flags=SA_RESTART|SA_SIGINFO, blocked
   SIGXFSZ: javaSignalHandler in libjvm.so, mask=11100100010111111101111111111110, flags=SA_RESTART|SA_SIGINFO, blocked
    SIGILL: crash_handler in libjvm.so, mask=11100100010111111101111111111110, flags=SA_RESTART|SA_SIGINFO, unblocked
   SIGUSR2: SR_handler in libjvm.so, mask=00000000000000000000000000000000, flags=SA_RESTART|SA_SIGINFO, blocked
    SIGHUP: UserHandler in libjvm.so, mask=11100100010111111101111111111110, flags=SA_RESTART|SA_SIGINFO, blocked
    SIGINT: UserHandler in libjvm.so, mask=11100100010111111101111111111110, flags=SA_RESTART|SA_SIGINFO, blocked
   SIGTERM: UserHandler in libjvm.so, mask=11100100010111111101111111111110, flags=SA_RESTART|SA_SIGINFO, blocked
   SIGQUIT: UserHandler in libjvm.so, mask=11100100010111111101111111111110, flags=SA_RESTART|SA_SIGINFO, blocked
   SIGTRAP: crash_handler in libjvm.so, mask=11100100010111111101111111111110, flags=SA_RESTART|SA_SIGINFO, unblocked


---------------  S Y S T E M  ---------------

OS:
DISTRIB_ID=Zorin
DISTRIB_RELEASE=16
DISTRIB_CODENAME=focal
DISTRIB_DESCRIPTION="Zorin OS 16.2"
uname: Linux 5.15.0-75-generic #82~20.04.1-Ubuntu SMP Wed Jun 7 19:37:37 UTC 2023 x86_64
OS uptime: 0 days 6:49 hours
libc: glibc 2.31 NPTL 2.31 
rlimit (soft/hard): STACK 8192k/infinity , CORE 0k/infinity , NPROC 14512/14512 , NOFILE 1048576/1048576 , AS infinity/infinity , CPU infinity/infinity , DATA infinity/infinity , FSIZE infinity/infinity , MEMLOCK 65536k/65536k
load average: 5.39 3.46 2.47

/proc/meminfo:
MemTotal:        3843476 kB
MemFree:          114488 kB
MemAvailable:    1736448 kB
Buffers:          107008 kB
Cached:          1720480 kB
SwapCached:       113068 kB
Active:          1519332 kB
Inactive:        1643692 kB
Active(anon):     408040 kB
Inactive(anon):   988764 kB
Active(file):    1111292 kB
Inactive(file):   654928 kB
Unevictable:          48 kB
Mlocked:              48 kB
SwapTotal:       2097148 kB
SwapFree:        1130412 kB
Dirty:             23032 kB
Writeback:             0 kB
AnonPages:       1290328 kB
Mapped:           368212 kB
Shmem:             67872 kB
KReclaimable:     113412 kB
Slab:             222628 kB
SReclaimable:     113412 kB
SUnreclaim:       109216 kB
KernelStack:       10320 kB
PageTables:        26652 kB
NFS_Unstable:          0 kB
Bounce:                0 kB
WritebackTmp:          0 kB
CommitLimit:     4018884 kB
Committed_AS:    7108380 kB
VmallocTotal:   34359738367 kB
VmallocUsed:       40728 kB
VmallocChunk:          0 kB
Percpu:             3648 kB
HardwareCorrupted:     0 kB
AnonHugePages:         0 kB
ShmemHugePages:        0 kB
ShmemPmdMapped:        0 kB
FileHugePages:         0 kB
FilePmdMapped:         0 kB
HugePages_Total:       0
HugePages_Free:        0
HugePages_Rsvd:        0
HugePages_Surp:        0
Hugepagesize:       2048 kB
Hugetlb:               0 kB
DirectMap4k:     1994496 kB
DirectMap2M:     2035712 kB
DirectMap1G:           0 kB

/sys/kernel/mm/transparent_hugepage/enabled: always [madvise] never
/sys/kernel/mm/transparent_hugepage/defrag (defrag/compaction efforts parameter): always defer defer+madvise [madvise] never

Process Memory:
Virtual Size: 3769964K (peak: 3781236K)
Resident Set Size: 295036K (peak: 419248K) (anon: 274888K, file: 20148K, shmem: 0K)
Swapped out: 110404K
C-Heap outstanding allocations: 53886K, retained: 41397K
glibc malloc tunables: (default)

/proc/sys/kernel/threads-max (system-wide limit on the number of threads): 29025
/proc/sys/vm/max_map_count (maximum number of memory map areas a process may have): 65530
/proc/sys/kernel/pid_max (system-wide limit on number of process identifiers): 4194304

container (cgroup) information:
container_type: cgroupv1
cpu_cpuset_cpus: 0-1
cpu_memory_nodes: 0
active_processor_count: 2
cpu_quota: no quota
cpu_period: 100000
cpu_shares: no shares
memory_limit_in_bytes: unlimited
memory_and_swap_limit_in_bytes: unlimited
memory_soft_limit_in_bytes: unlimited
memory_usage_in_bytes: 2087032 k
memory_max_usage_in_bytes: 2870540 k
kernel_memory_usage_in_bytes: 60124 k
kernel_memory_max_usage_in_bytes: unlimited
kernel_memory_limit_in_bytes: 102232 k
maximum number of tasks: unlimited
current number of tasks: 293

Steal ticks since vm start: 0
Steal ticks percentage since vm start:  0.000

CPU: total 2 (initial active 2) (2 cores per cpu, 1 threads per core) family 21 model 112 stepping 0 microcode 0x6006705, cx8, cmov, fxsr, mmx, 3dnowpref, sse, sse2, sse3, ssse3, sse4a, sse4.1, sse4.2, popcnt, lzcnt, tsc, tscinvbit, avx, avx2, aes, clmul, bmi1, bmi2, fma, vzeroupper, clflush
CPU Model and flags from /proc/cpuinfo:
model name	: AMD PRO A4-4350B R4, 5 COMPUTE CORES 2C+3G
flags		: fpu vme de pse tsc msr pae mce cx8 apic sep mtrr pge mca cmov pat pse36 clflush mmx fxsr sse sse2 ht syscall nx mmxext fxsr_opt pdpe1gb rdtscp lm constant_tsc rep_good acc_power nopl nonstop_tsc cpuid extd_apicid aperfmperf pni pclmulqdq monitor ssse3 fma cx16 sse4_1 sse4_2 movbe popcnt aes xsave avx f16c lahf_lm cmp_legacy svm extapic cr8_legacy abm sse4a misalignsse 3dnowprefetch osvw ibs xop skinit wdt lwp fma4 tce nodeid_msr tbm perfctr_core perfctr_nb bpext ptsc mwaitx cpb hw_pstate ssbd ibpb vmmcall fsgsbase bmi1 avx2 smep bmi2 xsaveopt arat npt lbrv svm_lock nrip_save tsc_scale vmcb_clean flushbyasid decodeassists pausefilter pfthreshold avic v_vmsave_vmload vgif overflow_recov

Online cpus: 0-1
Offline cpus: 2-3
BIOS frequency limitation: 2500000
Frequency switch latency (ns): 4000
Available cpu frequencies: 2500000 2300000 2100000 1900000 1600000 1300000 
Current governor: ondemand
Core performance/turbo boost: 1

Memory: 4k page, physical 3843476k(110500k free), swap 2097148k(1130412k free)
Page Sizes: 4k

vm_info: OpenJDK 64-Bit Server VM (17.0.7+7) for linux-amd64 JRE (17.0.7+7), built on Apr 18 2023 00:00:00 by "temurin" with gcc 10.3.0

END.
